<?xml version="1.0" encoding="UTF-8"?>
<testsuite name="org.springframework.samples.petclinic.vet.VetTests" tests="1" skipped="0" failures="0" errors="0" timestamp="2025-09-05T15:48:30.814Z" hostname="pkrvm7jw40e0xgp" time="0.005">
  <properties/>
  <testcase name="testSerialization()" classname="org.springframework.samples.petclinic.vet.VetTests" time="0.005"/>
  <system-out><![CDATA[]]></system-out>
  <system-err><![CDATA[]]></system-err>
</testsuite>
