<?xml version="1.0" encoding="UTF-8"?>
<testsuite name="org.springframework.samples.petclinic.vet.VetControllerTests" tests="2" skipped="0" failures="0" errors="0" timestamp="2025-09-05T15:48:30.732Z" hostname="pkrvm7jw40e0xgp" time="0.08">
  <properties/>
  <testcase name="testShowVetListHtml()" classname="org.springframework.samples.petclinic.vet.VetControllerTests" time="0.036"/>
  <testcase name="testShowResourcesVetList()" classname="org.springframework.samples.petclinic.vet.VetControllerTests" time="0.043"/>
  <system-out><![CDATA[2025-09-05T15:48:30.403Z  INFO 6830 --- [    Test worker] t.c.s.AnnotationConfigContextLoaderUtils : Could not detect default configuration classes for test class [org.springframework.samples.petclinic.vet.VetControllerTests]: VetControllerTests does not declare any static, non-private, non-final, nested classes annotated with @Configuration.
2025-09-05T15:48:30.428Z  INFO 6830 --- [    Test worker] .b.t.c.SpringBootTestContextBootstrapper : Found @SpringBootConfiguration org.springframework.samples.petclinic.PetClinicApplication for test class org.springframework.samples.petclinic.vet.VetControllerTests


              |\      _,,,--,,_
             /,`.-'`'   ._  \-;;,_
  _______ __|,4-  ) )_   .;.(__`'-'__     ___ __    _ ___ _______
 |       | '---''(_/._)-'(_\_)   |   |   |   |  |  | |   |       |
 |    _  |    ___|_     _|       |   |   |   |   |_| |   |       | __ _ _
 |   |_| |   |___  |   | |       |   |   |   |       |   |       | \ \ \ \
 |    ___|    ___| |   | |      _|   |___|   |  _    |   |      _|  \ \ \ \
 |   |   |   |___  |   | |     |_|       |   | | |   |   |     |_    ) ) ) )
 |___|   |_______| |___| |_______|_______|___|_|  |__|___|_______|  / / / /
 ==================================================================/_/_/_/

:: Built with Spring Boot :: 3.5.0


2025-09-05T15:48:30.465Z  INFO 6830 --- [    Test worker] o.s.s.petclinic.vet.VetControllerTests   : Starting VetControllerTests using Java 17.0.16 with PID 6830 (started by runner in /home/runner/work/spring-petclinic/spring-petclinic)
2025-09-05T15:48:30.465Z  INFO 6830 --- [    Test worker] o.s.s.petclinic.vet.VetControllerTests   : No active profile set, falling back to 1 default profile: "default"
2025-09-05T15:48:30.723Z  INFO 6830 --- [    Test worker] o.s.b.t.m.w.SpringBootMockServletContext : Initializing Spring TestDispatcherServlet ''
2025-09-05T15:48:30.724Z  INFO 6830 --- [    Test worker] o.s.t.web.servlet.TestDispatcherServlet  : Initializing Servlet ''
2025-09-05T15:48:30.724Z  INFO 6830 --- [    Test worker] o.s.t.web.servlet.TestDispatcherServlet  : Completed initialization in 0 ms
2025-09-05T15:48:30.730Z  INFO 6830 --- [    Test worker] o.s.s.petclinic.vet.VetControllerTests   : Started VetControllerTests in 0.294 seconds (process running for 38.28)
]]></system-out>
  <system-err><![CDATA[]]></system-err>
</testsuite>
