<?xml version="1.0" encoding="UTF-8"?>
<testsuite name="org.springframework.samples.petclinic.owner.PetControllerTests$ProcessUpdateFormHasErrors" tests="2" skipped="0" failures="0" errors="0" timestamp="2025-09-05T15:46:31.529Z" hostname="pkrvm7jw40e0xgp" time="0.066">
  <properties/>
  <testcase name="testProcessUpdateFormWithInvalidBirthDate()" classname="org.springframework.samples.petclinic.owner.PetControllerTests$ProcessUpdateFormHasErrors" time="0.027"/>
  <testcase name="testProcessUpdateFormWithBlankName()" classname="org.springframework.samples.petclinic.owner.PetControllerTests$ProcessUpdateFormHasErrors" time="0.035"/>
  <system-out><![CDATA[2025-09-05T15:46:31.501Z  INFO 4343 --- [    Test worker] t.c.s.AnnotationConfigContextLoaderUtils : Could not detect default configuration classes for test class [org.springframework.samples.petclinic.owner.PetControllerTests$ProcessUpdateFormHasErrors]: ProcessUpdateFormHasErrors does not declare any static, non-private, non-final, nested classes annotated with @Configuration.
2025-09-05T15:46:31.521Z  INFO 4343 --- [    Test worker] .b.t.c.SpringBootTestContextBootstrapper : Found @SpringBootConfiguration org.springframework.samples.petclinic.PetClinicApplication for test class org.springframework.samples.petclinic.owner.PetControllerTests$ProcessUpdateFormHasErrors
]]></system-out>
  <system-err><![CDATA[]]></system-err>
</testsuite>
