<?xml version="1.0" encoding="UTF-8"?>
<testsuite name="org.springframework.samples.petclinic.PostgresIntegrationTests" tests="2" skipped="0" failures="0" errors="0" timestamp="2025-09-05T15:48:25.713Z" hostname="pkrvm7jw40e0xgp" time="0.123">
  <properties/>
  <testcase name="testFindAll()" classname="org.springframework.samples.petclinic.PostgresIntegrationTests" time="0.023"/>
  <testcase name="testOwnerDetails()" classname="org.springframework.samples.petclinic.PostgresIntegrationTests" time="0.099"/>
  <system-out><![CDATA[2025-09-05T15:48:22.076Z  INFO 6830 --- [    Test worker] t.c.s.AnnotationConfigContextLoaderUtils : Could not detect default configuration classes for test class [org.springframework.samples.petclinic.PostgresIntegrationTests]: PostgresIntegrationTests does not declare any static, non-private, non-final, nested classes annotated with @Configuration.
2025-09-05T15:48:22.082Z  INFO 6830 --- [    Test worker] .b.t.c.SpringBootTestContextBootstrapper : Found @SpringBootConfiguration org.springframework.samples.petclinic.PetClinicApplication for test class org.springframework.samples.petclinic.PostgresIntegrationTests


              |\      _,,,--,,_
             /,`.-'`'   ._  \-;;,_
  _______ __|,4-  ) )_   .;.(__`'-'__     ___ __    _ ___ _______
 |       | '---''(_/._)-'(_\_)   |   |   |   |  |  | |   |       |
 |    _  |    ___|_     _|       |   |   |   |   |_| |   |       | __ _ _
 |   |_| |   |___  |   | |       |   |   |   |       |   |       | \ \ \ \
 |    ___|    ___| |   | |      _|   |___|   |  _    |   |      _|  \ \ \ \
 |   |   |   |___  |   | |     |_|       |   | | |   |   |     |_    ) ) ) )
 |___|   |_______| |___| |_______|_______|___|_|  |__|___|_______|  / / / /
 ==================================================================/_/_/_/

:: Built with Spring Boot :: 3.5.0


2025-09-05T15:48:22.118Z  INFO 6830 --- [    Test worker] o.s.s.p.PostgresIntegrationTests         : Starting PostgresIntegrationTests using Java 17.0.16 with PID 6830 (started by runner in /home/runner/work/spring-petclinic/spring-petclinic)
2025-09-05T15:48:22.118Z  INFO 6830 --- [    Test worker] o.s.s.p.PostgresIntegrationTests         : The following 1 profile is active: "postgres"
2025-09-05T15:48:22.124Z  INFO 6830 --- [    Test worker] .s.b.d.c.l.DockerComposeLifecycleManager : Using Docker Compose file /home/runner/work/spring-petclinic/spring-petclinic/docker-compose.yml
2025-09-05T15:48:22.561Z  INFO 6830 --- [utReader-stderr] o.s.boot.docker.compose.core.DockerCli   :  Container spring-petclinic-postgres-1  Recreate
2025-09-05T15:48:22.608Z  INFO 6830 --- [utReader-stderr] o.s.boot.docker.compose.core.DockerCli   :  Container spring-petclinic-postgres-1  Recreated
2025-09-05T15:48:22.610Z  INFO 6830 --- [utReader-stderr] o.s.boot.docker.compose.core.DockerCli   :  Container spring-petclinic-postgres-1  Starting
2025-09-05T15:48:22.819Z  INFO 6830 --- [utReader-stderr] o.s.boot.docker.compose.core.DockerCli   :  Container spring-petclinic-postgres-1  Started
2025-09-05T15:48:22.819Z  INFO 6830 --- [utReader-stderr] o.s.boot.docker.compose.core.DockerCli   :  Container spring-petclinic-postgres-1  Waiting
2025-09-05T15:48:23.320Z  INFO 6830 --- [utReader-stderr] o.s.boot.docker.compose.core.DockerCli   :  Container spring-petclinic-postgres-1  Healthy
2025-09-05T15:48:24.869Z  INFO 6830 --- [    Test worker] .s.d.r.c.RepositoryConfigurationDelegate : Bootstrapping Spring Data JPA repositories in DEFAULT mode.
2025-09-05T15:48:24.879Z  INFO 6830 --- [    Test worker] .s.d.r.c.RepositoryConfigurationDelegate : Finished Spring Data repository scanning in 9 ms. Found 3 JPA repository interfaces.
2025-09-05T15:48:24.947Z  INFO 6830 --- [    Test worker] o.s.b.w.embedded.tomcat.TomcatWebServer  : Tomcat initialized with port 0 (http)
2025-09-05T15:48:24.948Z  INFO 6830 --- [    Test worker] o.apache.catalina.core.StandardService   : Starting service [Tomcat]
2025-09-05T15:48:24.949Z  INFO 6830 --- [    Test worker] o.apache.catalina.core.StandardEngine    : Starting Servlet engine: [Apache Tomcat/10.1.41]
2025-09-05T15:48:24.961Z  INFO 6830 --- [    Test worker] o.a.c.c.C.[Tomcat-2].[localhost].[/]     : Initializing Spring embedded WebApplicationContext
2025-09-05T15:48:24.961Z  INFO 6830 --- [    Test worker] w.s.c.ServletWebServerApplicationContext : Root WebApplicationContext: initialization completed in 298 ms
2025-09-05T15:48:25.006Z  INFO 6830 --- [    Test worker] com.zaxxer.hikari.HikariDataSource       : HikariPool-3 - Starting...
2025-09-05T15:48:25.122Z  INFO 6830 --- [    Test worker] com.zaxxer.hikari.pool.HikariPool        : HikariPool-3 - Added connection org.postgresql.jdbc.PgConnection@7c7537f6
2025-09-05T15:48:25.123Z  INFO 6830 --- [    Test worker] com.zaxxer.hikari.HikariDataSource       : HikariPool-3 - Start completed.
2025-09-05T15:48:25.263Z  INFO 6830 --- [    Test worker] o.hibernate.jpa.internal.util.LogHelper  : HHH000204: Processing PersistenceUnitInfo [name: default]
2025-09-05T15:48:25.266Z  INFO 6830 --- [    Test worker] o.h.c.internal.RegionFactoryInitiator    : HHH000026: Second-level cache disabled
2025-09-05T15:48:25.278Z  INFO 6830 --- [    Test worker] o.s.o.j.p.SpringPersistenceUnitInfo      : No LoadTimeWeaver setup: ignoring JPA class transformer
2025-09-05T15:48:25.293Z  INFO 6830 --- [    Test worker] org.hibernate.orm.connections.pooling    : HHH10001005: Database info:
	Database JDBC URL [Connecting through datasource 'HikariDataSource (HikariPool-3)']
	Database driver: undefined/unknown
	Database version: 17.5
	Autocommit mode: undefined/unknown
	Isolation level: undefined/unknown
	Minimum pool size: undefined/unknown
	Maximum pool size: undefined/unknown
2025-09-05T15:48:25.396Z  INFO 6830 --- [    Test worker] o.h.e.t.j.p.i.JtaPlatformInitiator       : HHH000489: No JTA platform available (set 'hibernate.transaction.jta.platform' to enable JTA platform integration)
2025-09-05T15:48:25.397Z  INFO 6830 --- [    Test worker] j.LocalContainerEntityManagerFactoryBean : Initialized JPA EntityManagerFactory for persistence unit 'default'
2025-09-05T15:48:25.662Z  INFO 6830 --- [    Test worker] o.s.b.a.e.web.EndpointLinksResolver      : Exposing 13 endpoints beneath base path '/actuator'
2025-09-05T15:48:25.700Z  INFO 6830 --- [    Test worker] o.s.b.w.embedded.tomcat.TomcatWebServer  : Tomcat started on port 37361 (http) with context path '/'
2025-09-05T15:48:25.710Z  INFO 6830 --- [    Test worker] o.s.s.p.PostgresIntegrationTests         : Started PostgresIntegrationTests in 3.619 seconds (process running for 33.26)
2025-09-05T15:48:25.750Z  INFO 6830 --- [o-auto-3-exec-1] o.a.c.c.C.[Tomcat-2].[localhost].[/]     : Initializing Spring DispatcherServlet 'dispatcherServlet'
2025-09-05T15:48:25.751Z  INFO 6830 --- [o-auto-3-exec-1] o.s.web.servlet.DispatcherServlet        : Initializing Servlet 'dispatcherServlet'
2025-09-05T15:48:25.753Z  INFO 6830 --- [o-auto-3-exec-1] o.s.web.servlet.DispatcherServlet        : Completed initialization in 2 ms
]]></system-out>
  <system-err><![CDATA[]]></system-err>
</testsuite>
