<?xml version="1.0" encoding="UTF-8"?>
<testsuite name="org.springframework.samples.petclinic.owner.PetValidatorTests$ValidateHasErrors" tests="3" skipped="0" failures="0" errors="0" timestamp="2025-09-05T15:46:31.790Z" hostname="pkrvm7jw40e0xgp" time="0.006">
  <properties/>
  <testcase name="testValidateWithInvalidPetName()" classname="org.springframework.samples.petclinic.owner.PetValidatorTests$ValidateHasErrors" time="0.002"/>
  <testcase name="testValidateWithInvalidPetType()" classname="org.springframework.samples.petclinic.owner.PetValidatorTests$ValidateHasErrors" time="0.002"/>
  <testcase name="testValidateWithInvalidBirthDate()" classname="org.springframework.samples.petclinic.owner.PetValidatorTests$ValidateHasErrors" time="0.002"/>
  <system-out><![CDATA[]]></system-out>
  <system-err><![CDATA[]]></system-err>
</testsuite>
