<?xml version="1.0" encoding="UTF-8"?>
<testsuite name="org.springframework.samples.petclinic.MySqlIntegrationTests" tests="2" skipped="0" failures="0" errors="0" timestamp="2025-09-05T15:48:19.141Z" hostname="pkrvm7jw40e0xgp" time="1.263">
  <properties/>
  <testcase name="testFindAll()" classname="org.springframework.samples.petclinic.MySqlIntegrationTests" time="0.564"/>
  <testcase name="testOwnerDetails()" classname="org.springframework.samples.petclinic.MySqlIntegrationTests" time="0.696"/>
  <system-out><![CDATA[15:47:54.255 [Test worker] INFO org.springframework.test.context.support.AnnotationConfigContextLoaderUtils -- Could not detect default configuration classes for test class [org.springframework.samples.petclinic.MySqlIntegrationTests]: MySqlIntegrationTests does not declare any static, non-private, non-final, nested classes annotated with @Configuration.
15:47:54.422 [Test worker] INFO org.springframework.boot.test.context.SpringBootTestContextBootstrapper -- Found @SpringBootConfiguration org.springframework.samples.petclinic.PetClinicApplication for test class org.springframework.samples.petclinic.MySqlIntegrationTests
15:47:54.497 [Test worker] INFO tc.mysql:9.2 -- Creating container for image: mysql:9.2
15:47:54.532 [Test worker] INFO tc.mysql:9.2 -- Container mysql:9.2 is starting: ebdb0e4e163994c6d5c2df25032f5884d5f86593e20ebb8a6966591cf73f6871
15:47:54.701 [Test worker] INFO tc.mysql:9.2 -- Waiting for database connection to become available at jdbc:mysql://localhost:32772/test using query 'SELECT 1'
15:48:04.229 [Test worker] INFO tc.mysql:9.2 -- Container mysql:9.2 started in PT9.732235746S
15:48:04.230 [Test worker] INFO tc.mysql:9.2 -- Container is started (JDBC URL: jdbc:mysql://localhost:32772/test)


              |\      _,,,--,,_
             /,`.-'`'   ._  \-;;,_
  _______ __|,4-  ) )_   .;.(__`'-'__     ___ __    _ ___ _______
 |       | '---''(_/._)-'(_\_)   |   |   |   |  |  | |   |       |
 |    _  |    ___|_     _|       |   |   |   |   |_| |   |       | __ _ _
 |   |_| |   |___  |   | |       |   |   |   |       |   |       | \ \ \ \
 |    ___|    ___| |   | |      _|   |___|   |  _    |   |      _|  \ \ \ \
 |   |   |   |___  |   | |     |_|       |   | | |   |   |     |_    ) ) ) )
 |___|   |_______| |___| |_______|_______|___|_|  |__|___|_______|  / / / /
 ==================================================================/_/_/_/

:: Built with Spring Boot :: 3.5.0


2025-09-05T15:48:04.575Z  INFO 6830 --- [    Test worker] o.s.s.petclinic.MySqlIntegrationTests    : Starting MySqlIntegrationTests using Java 17.0.16 with PID 6830 (started by runner in /home/runner/work/spring-petclinic/spring-petclinic)
2025-09-05T15:48:04.578Z  INFO 6830 --- [    Test worker] o.s.s.petclinic.MySqlIntegrationTests    : The following 1 profile is active: "mysql"
2025-09-05T15:48:05.553Z  INFO 6830 --- [    Test worker] .s.d.r.c.RepositoryConfigurationDelegate : Bootstrapping Spring Data JPA repositories in DEFAULT mode.
2025-09-05T15:48:05.631Z  INFO 6830 --- [    Test worker] .s.d.r.c.RepositoryConfigurationDelegate : Finished Spring Data repository scanning in 67 ms. Found 3 JPA repository interfaces.
2025-09-05T15:48:06.262Z  INFO 6830 --- [    Test worker] o.s.b.w.embedded.tomcat.TomcatWebServer  : Tomcat initialized with port 0 (http)
2025-09-05T15:48:06.276Z  INFO 6830 --- [    Test worker] o.apache.catalina.core.StandardService   : Starting service [Tomcat]
2025-09-05T15:48:06.277Z  INFO 6830 --- [    Test worker] o.apache.catalina.core.StandardEngine    : Starting Servlet engine: [Apache Tomcat/10.1.41]
2025-09-05T15:48:06.334Z  INFO 6830 --- [    Test worker] o.a.c.c.C.[Tomcat].[localhost].[/]       : Initializing Spring embedded WebApplicationContext
2025-09-05T15:48:06.336Z  INFO 6830 --- [    Test worker] w.s.c.ServletWebServerApplicationContext : Root WebApplicationContext: initialization completed in 1729 ms
2025-09-05T15:48:06.589Z  INFO 6830 --- [    Test worker] com.zaxxer.hikari.HikariDataSource       : HikariPool-1 - Starting...
2025-09-05T15:48:06.765Z  INFO 6830 --- [    Test worker] com.zaxxer.hikari.pool.HikariPool        : HikariPool-1 - Added connection com.mysql.cj.jdbc.ConnectionImpl@24a1858a
2025-09-05T15:48:06.767Z  INFO 6830 --- [    Test worker] com.zaxxer.hikari.HikariDataSource       : HikariPool-1 - Start completed.
2025-09-05T15:48:07.224Z  INFO 6830 --- [    Test worker] o.hibernate.jpa.internal.util.LogHelper  : HHH000204: Processing PersistenceUnitInfo [name: default]
2025-09-05T15:48:07.273Z  INFO 6830 --- [    Test worker] org.hibernate.Version                    : HHH000412: Hibernate ORM core version 6.6.15.Final
2025-09-05T15:48:07.336Z  INFO 6830 --- [    Test worker] o.h.c.internal.RegionFactoryInitiator    : HHH000026: Second-level cache disabled
2025-09-05T15:48:07.601Z  INFO 6830 --- [    Test worker] o.s.o.j.p.SpringPersistenceUnitInfo      : No LoadTimeWeaver setup: ignoring JPA class transformer
2025-09-05T15:48:07.704Z  INFO 6830 --- [    Test worker] org.hibernate.orm.connections.pooling    : HHH10001005: Database info:
	Database JDBC URL [Connecting through datasource 'HikariDataSource (HikariPool-1)']
	Database driver: undefined/unknown
	Database version: 9.2
	Autocommit mode: undefined/unknown
	Isolation level: undefined/unknown
	Minimum pool size: undefined/unknown
	Maximum pool size: undefined/unknown
2025-09-05T15:48:08.688Z  INFO 6830 --- [    Test worker] o.h.e.t.j.p.i.JtaPlatformInitiator       : HHH000489: No JTA platform available (set 'hibernate.transaction.jta.platform' to enable JTA platform integration)
2025-09-05T15:48:08.691Z  INFO 6830 --- [    Test worker] j.LocalContainerEntityManagerFactoryBean : Initialized JPA EntityManagerFactory for persistence unit 'default'
2025-09-05T15:48:08.707Z  INFO 6830 --- [    Test worker] tc.mysql:9.2                             : Creating container for image: mysql:9.2
2025-09-05T15:48:08.758Z  INFO 6830 --- [    Test worker] tc.mysql:9.2                             : Container mysql:9.2 is starting: 9ad45652705b4da0ec7f6599a39bb819bca178856954784b94225a567c128a7e
2025-09-05T15:48:08.974Z  INFO 6830 --- [    Test worker] tc.mysql:9.2                             : Waiting for database connection to become available at jdbc:mysql://localhost:32773/test using query 'SELECT 1'
2025-09-05T15:48:17.603Z  INFO 6830 --- [    Test worker] tc.mysql:9.2                             : Container mysql:9.2 started in PT8.895283837S
2025-09-05T15:48:17.603Z  INFO 6830 --- [    Test worker] tc.mysql:9.2                             : Container is started (JDBC URL: jdbc:mysql://localhost:32773/test)
2025-09-05T15:48:17.920Z  INFO 6830 --- [    Test worker] o.s.d.j.r.query.QueryEnhancerFactory     : Hibernate is in classpath; If applicable, HQL parser will be used.
2025-09-05T15:48:18.887Z  INFO 6830 --- [    Test worker] o.s.b.a.e.web.EndpointLinksResolver      : Exposing 13 endpoints beneath base path '/actuator'
2025-09-05T15:48:19.053Z  INFO 6830 --- [    Test worker] o.s.b.w.embedded.tomcat.TomcatWebServer  : Tomcat started on port 46103 (http) with context path '/'
2025-09-05T15:48:19.087Z  INFO 6830 --- [    Test worker] o.s.s.petclinic.MySqlIntegrationTests    : Started MySqlIntegrationTests in 14.818 seconds (process running for 26.637)
2025-09-05T15:48:19.845Z  INFO 6830 --- [o-auto-1-exec-1] o.a.c.c.C.[Tomcat].[localhost].[/]       : Initializing Spring DispatcherServlet 'dispatcherServlet'
2025-09-05T15:48:19.845Z  INFO 6830 --- [o-auto-1-exec-1] o.s.web.servlet.DispatcherServlet        : Initializing Servlet 'dispatcherServlet'
2025-09-05T15:48:19.847Z  INFO 6830 --- [o-auto-1-exec-1] o.s.web.servlet.DispatcherServlet        : Completed initialization in 1 ms
]]></system-out>
  <system-err><![CDATA[]]></system-err>
</testsuite>
