<?xml version="1.0" encoding="UTF-8"?>
<testsuite name="org.springframework.samples.petclinic.system.I18nPropertiesSyncTest" tests="2" skipped="0" failures="0" errors="0" timestamp="2025-09-05T15:46:33.804Z" hostname="pkrvm7jw40e0xgp" time="0.016">
  <properties/>
  <testcase name="checkNonInternationalizedStrings()" classname="org.springframework.samples.petclinic.system.I18nPropertiesSyncTest" time="0.011"/>
  <testcase name="checkI18nPropertyFilesAreInSync()" classname="org.springframework.samples.petclinic.system.I18nPropertiesSyncTest" time="0.004"/>
  <system-out><![CDATA[]]></system-out>
  <system-err><![CDATA[]]></system-err>
</testsuite>
