<?xml version="1.0" encoding="UTF-8"?>
<testsuite xmlns:xsi="http://www.w3.org/2001/XMLSchema-instance" xsi:noNamespaceSchemaLocation="https://maven.apache.org/surefire/maven-surefire-plugin/xsd/surefire-test-report.xsd" version="3.0.2" name="org.springframework.samples.petclinic.PostgresIntegrationTests" time="13.475" tests="2" errors="0" skipped="0" failures="0">
  <properties>
    <property name="git.tags" value=""/>
    <property name="java.specification.version" value="17"/>
    <property name="sun.jnu.encoding" value="UTF-8"/>
    <property name="git.build.version" value="3.5.0-SNAPSHOT"/>
    <property name="java.class.path" value="/home/runner/work/spring-petclinic/spring-petclinic/target/test-classes:/home/runner/work/spring-petclinic/spring-petclinic/target/classes:/home/runner/.m2/repository/org/springframework/boot/spring-boot-starter-actuator/3.5.0/spring-boot-starter-actuator-3.5.0.jar:/home/runner/.m2/repository/org/springframework/boot/spring-boot-starter/3.5.0/spring-boot-starter-3.5.0.jar:/home/runner/.m2/repository/org/springframework/boot/spring-boot-starter-logging/3.5.0/spring-boot-starter-logging-3.5.0.jar:/home/runner/.m2/repository/ch/qos/logback/logback-classic/1.5.18/logback-classic-1.5.18.jar:/home/runner/.m2/repository/ch/qos/logback/logback-core/1.5.18/logback-core-1.5.18.jar:/home/runner/.m2/repository/org/apache/logging/log4j/log4j-to-slf4j/2.24.3/log4j-to-slf4j-2.24.3.jar:/home/runner/.m2/repository/org/apache/logging/log4j/log4j-api/2.24.3/log4j-api-2.24.3.jar:/home/runner/.m2/repository/org/slf4j/jul-to-slf4j/2.0.17/jul-to-slf4j-2.0.17.jar:/home/runner/.m2/repository/jakarta/annotation/jakarta.annotation-api/2.1.1/jakarta.annotation-api-2.1.1.jar:/home/runner/.m2/repository/org/yaml/snakeyaml/2.4/snakeyaml-2.4.jar:/home/runner/.m2/repository/org/springframework/boot/spring-boot-actuator-autoconfigure/3.5.0/spring-boot-actuator-autoconfigure-3.5.0.jar:/home/runner/.m2/repository/org/springframework/boot/spring-boot-actuator/3.5.0/spring-boot-actuator-3.5.0.jar:/home/runner/.m2/repository/com/fasterxml/jackson/datatype/jackson-datatype-jsr310/2.19.0/jackson-datatype-jsr310-2.19.0.jar:/home/runner/.m2/repository/io/micrometer/micrometer-observation/1.15.0/micrometer-observation-1.15.0.jar:/home/runner/.m2/repository/io/micrometer/micrometer-commons/1.15.0/micrometer-commons-1.15.0.jar:/home/runner/.m2/repository/io/micrometer/micrometer-jakarta9/1.15.0/micrometer-jakarta9-1.15.0.jar:/home/runner/.m2/repository/io/micrometer/micrometer-core/1.15.0/micrometer-core-1.15.0.jar:/home/runner/.m2/repository/org/hdrhistogram/HdrHistogram/2.2.2/HdrHistogram-2.2.2.jar:/home/runner/.m2/repository/org/latencyutils/LatencyUtils/2.0.3/LatencyUtils-2.0.3.jar:/home/runner/.m2/repository/org/springframework/boot/spring-boot-starter-cache/3.5.0/spring-boot-starter-cache-3.5.0.jar:/home/runner/.m2/repository/org/springframework/spring-context-support/6.2.7/spring-context-support-6.2.7.jar:/home/runner/.m2/repository/org/springframework/spring-beans/6.2.7/spring-beans-6.2.7.jar:/home/runner/.m2/repository/org/springframework/spring-context/6.2.7/spring-context-6.2.7.jar:/home/runner/.m2/repository/org/springframework/boot/spring-boot-starter-data-jpa/3.5.0/spring-boot-starter-data-jpa-3.5.0.jar:/home/runner/.m2/repository/org/springframework/boot/spring-boot-starter-jdbc/3.5.0/spring-boot-starter-jdbc-3.5.0.jar:/home/runner/.m2/repository/com/zaxxer/HikariCP/6.3.0/HikariCP-6.3.0.jar:/home/runner/.m2/repository/org/springframework/spring-jdbc/6.2.7/spring-jdbc-6.2.7.jar:/home/runner/.m2/repository/org/hibernate/orm/hibernate-core/6.6.15.Final/hibernate-core-6.6.15.Final.jar:/home/runner/.m2/repository/jakarta/persistence/jakarta.persistence-api/3.1.0/jakarta.persistence-api-3.1.0.jar:/home/runner/.m2/repository/jakarta/transaction/jakarta.transaction-api/2.0.1/jakarta.transaction-api-2.0.1.jar:/home/runner/.m2/repository/org/jboss/logging/jboss-logging/3.6.1.Final/jboss-logging-3.6.1.Final.jar:/home/runner/.m2/repository/org/hibernate/common/hibernate-commons-annotations/7.0.3.Final/hibernate-commons-annotations-7.0.3.Final.jar:/home/runner/.m2/repository/io/smallrye/jandex/3.2.0/jandex-3.2.0.jar:/home/runner/.m2/repository/com/fasterxml/classmate/1.7.0/classmate-1.7.0.jar:/home/runner/.m2/repository/net/bytebuddy/byte-buddy/1.17.5/byte-buddy-1.17.5.jar:/home/runner/.m2/repository/org/glassfish/jaxb/jaxb-runtime/4.0.5/jaxb-runtime-4.0.5.jar:/home/runner/.m2/repository/org/glassfish/jaxb/jaxb-core/4.0.5/jaxb-core-4.0.5.jar:/home/runner/.m2/repository/org/eclipse/angus/angus-activation/2.0.2/angus-activation-2.0.2.jar:/home/runner/.m2/repository/org/glassfish/jaxb/txw2/4.0.5/txw2-4.0.5.jar:/home/runner/.m2/repository/com/sun/istack/istack-commons-runtime/4.1.2/istack-commons-runtime-4.1.2.jar:/home/runner/.m2/repository/jakarta/inject/jakarta.inject-api/2.0.1/jakarta.inject-api-2.0.1.jar:/home/runner/.m2/repository/org/antlr/antlr4-runtime/4.13.0/antlr4-runtime-4.13.0.jar:/home/runner/.m2/repository/org/springframework/data/spring-data-jpa/3.5.0/spring-data-jpa-3.5.0.jar:/home/runner/.m2/repository/org/springframework/data/spring-data-commons/3.5.0/spring-data-commons-3.5.0.jar:/home/runner/.m2/repository/org/springframework/spring-orm/6.2.7/spring-orm-6.2.7.jar:/home/runner/.m2/repository/org/springframework/spring-aop/6.2.7/spring-aop-6.2.7.jar:/home/runner/.m2/repository/org/springframework/spring-tx/6.2.7/spring-tx-6.2.7.jar:/home/runner/.m2/repository/org/slf4j/slf4j-api/2.0.17/slf4j-api-2.0.17.jar:/home/runner/.m2/repository/org/springframework/spring-aspects/6.2.7/spring-aspects-6.2.7.jar:/home/runner/.m2/repository/org/aspectj/aspectjweaver/1.9.24/aspectjweaver-1.9.24.jar:/home/runner/.m2/repository/org/springframework/boot/spring-boot-starter-web/3.5.0/spring-boot-starter-web-3.5.0.jar:/home/runner/.m2/repository/org/springframework/boot/spring-boot-starter-json/3.5.0/spring-boot-starter-json-3.5.0.jar:/home/runner/.m2/repository/com/fasterxml/jackson/datatype/jackson-datatype-jdk8/2.19.0/jackson-datatype-jdk8-2.19.0.jar:/home/runner/.m2/repository/org/springframework/boot/spring-boot-starter-tomcat/3.5.0/spring-boot-starter-tomcat-3.5.0.jar:/home/runner/.m2/repository/org/apache/tomcat/embed/tomcat-embed-core/10.1.41/tomcat-embed-core-10.1.41.jar:/home/runner/.m2/repository/org/apache/tomcat/embed/tomcat-embed-websocket/10.1.41/tomcat-embed-websocket-10.1.41.jar:/home/runner/.m2/repository/org/springframework/spring-web/6.2.7/spring-web-6.2.7.jar:/home/runner/.m2/repository/org/springframework/spring-webmvc/6.2.7/spring-webmvc-6.2.7.jar:/home/runner/.m2/repository/org/springframework/spring-expression/6.2.7/spring-expression-6.2.7.jar:/home/runner/.m2/repository/org/springframework/boot/spring-boot-starter-validation/3.5.0/spring-boot-starter-validation-3.5.0.jar:/home/runner/.m2/repository/org/apache/tomcat/embed/tomcat-embed-el/10.1.41/tomcat-embed-el-10.1.41.jar:/home/runner/.m2/repository/org/hibernate/validator/hibernate-validator/8.0.2.Final/hibernate-validator-8.0.2.Final.jar:/home/runner/.m2/repository/jakarta/validation/jakarta.validation-api/3.0.2/jakarta.validation-api-3.0.2.jar:/home/runner/.m2/repository/org/springframework/boot/spring-boot-starter-thymeleaf/3.5.0/spring-boot-starter-thymeleaf-3.5.0.jar:/home/runner/.m2/repository/org/thymeleaf/thymeleaf-spring6/3.1.3.RELEASE/thymeleaf-spring6-3.1.3.RELEASE.jar:/home/runner/.m2/repository/org/thymeleaf/thymeleaf/3.1.3.RELEASE/thymeleaf-3.1.3.RELEASE.jar:/home/runner/.m2/repository/org/attoparser/attoparser/2.0.7.RELEASE/attoparser-2.0.7.RELEASE.jar:/home/runner/.m2/repository/org/unbescape/unbescape/1.1.6.RELEASE/unbescape-1.1.6.RELEASE.jar:/home/runner/.m2/repository/org/springframework/boot/spring-boot-starter-test/3.5.0/spring-boot-starter-test-3.5.0.jar:/home/runner/.m2/repository/org/springframework/boot/spring-boot-test/3.5.0/spring-boot-test-3.5.0.jar:/home/runner/.m2/repository/org/springframework/boot/spring-boot-test-autoconfigure/3.5.0/spring-boot-test-autoconfigure-3.5.0.jar:/home/runner/.m2/repository/com/jayway/jsonpath/json-path/2.9.0/json-path-2.9.0.jar:/home/runner/.m2/repository/net/minidev/json-smart/2.5.2/json-smart-2.5.2.jar:/home/runner/.m2/repository/net/minidev/accessors-smart/2.5.2/accessors-smart-2.5.2.jar:/home/runner/.m2/repository/org/ow2/asm/asm/9.7.1/asm-9.7.1.jar:/home/runner/.m2/repository/org/assertj/assertj-core/3.27.3/assertj-core-3.27.3.jar:/home/runner/.m2/repository/org/awaitility/awaitility/4.3.0/awaitility-4.3.0.jar:/home/runner/.m2/repository/org/hamcrest/hamcrest/3.0/hamcrest-3.0.jar:/home/runner/.m2/repository/org/junit/jupiter/junit-jupiter/5.12.2/junit-jupiter-5.12.2.jar:/home/runner/.m2/repository/org/junit/jupiter/junit-jupiter-api/5.12.2/junit-jupiter-api-5.12.2.jar:/home/runner/.m2/repository/org/opentest4j/opentest4j/1.3.0/opentest4j-1.3.0.jar:/home/runner/.m2/repository/org/junit/platform/junit-platform-commons/1.12.2/junit-platform-commons-1.12.2.jar:/home/runner/.m2/repository/org/apiguardian/apiguardian-api/1.1.2/apiguardian-api-1.1.2.jar:/home/runner/.m2/repository/org/junit/jupiter/junit-jupiter-params/5.12.2/junit-jupiter-params-5.12.2.jar:/home/runner/.m2/repository/org/junit/jupiter/junit-jupiter-engine/5.12.2/junit-jupiter-engine-5.12.2.jar:/home/runner/.m2/repository/org/junit/platform/junit-platform-engine/1.12.2/junit-platform-engine-1.12.2.jar:/home/runner/.m2/repository/org/mockito/mockito-core/5.17.0/mockito-core-5.17.0.jar:/home/runner/.m2/repository/net/bytebuddy/byte-buddy-agent/1.17.5/byte-buddy-agent-1.17.5.jar:/home/runner/.m2/repository/org/objenesis/objenesis/3.3/objenesis-3.3.jar:/home/runner/.m2/repository/org/mockito/mockito-junit-jupiter/5.17.0/mockito-junit-jupiter-5.17.0.jar:/home/runner/.m2/repository/org/skyscreamer/jsonassert/1.5.3/jsonassert-1.5.3.jar:/home/runner/.m2/repository/com/vaadin/external/google/android-json/0.0.20131108.vaadin1/android-json-0.0.20131108.vaadin1.jar:/home/runner/.m2/repository/org/springframework/spring-core/6.2.7/spring-core-6.2.7.jar:/home/runner/.m2/repository/org/springframework/spring-jcl/6.2.7/spring-jcl-6.2.7.jar:/home/runner/.m2/repository/org/springframework/spring-test/6.2.7/spring-test-6.2.7.jar:/home/runner/.m2/repository/org/xmlunit/xmlunit-core/2.10.1/xmlunit-core-2.10.1.jar:/home/runner/.m2/repository/com/h2database/h2/2.3.232/h2-2.3.232.jar:/home/runner/.m2/repository/com/mysql/mysql-connector-j/9.2.0/mysql-connector-j-9.2.0.jar:/home/runner/.m2/repository/org/postgresql/postgresql/42.7.5/postgresql-42.7.5.jar:/home/runner/.m2/repository/org/checkerframework/checker-qual/3.48.3/checker-qual-3.48.3.jar:/home/runner/.m2/repository/javax/cache/cache-api/1.1.1/cache-api-1.1.1.jar:/home/runner/.m2/repository/com/github/ben-manes/caffeine/caffeine/3.2.0/caffeine-3.2.0.jar:/home/runner/.m2/repository/org/jspecify/jspecify/1.0.0/jspecify-1.0.0.jar:/home/runner/.m2/repository/com/google/errorprone/error_prone_annotations/2.36.0/error_prone_annotations-2.36.0.jar:/home/runner/.m2/repository/org/webjars/webjars-locator-lite/1.1.0/webjars-locator-lite-1.1.0.jar:/home/runner/.m2/repository/org/webjars/npm/bootstrap/5.3.6/bootstrap-5.3.6.jar:/home/runner/.m2/repository/org/webjars/npm/font-awesome/4.7.0/font-awesome-4.7.0.jar:/home/runner/.m2/repository/org/springframework/boot/spring-boot-devtools/3.5.0/spring-boot-devtools-3.5.0.jar:/home/runner/.m2/repository/org/springframework/boot/spring-boot/3.5.0/spring-boot-3.5.0.jar:/home/runner/.m2/repository/org/springframework/boot/spring-boot-autoconfigure/3.5.0/spring-boot-autoconfigure-3.5.0.jar:/home/runner/.m2/repository/org/springframework/boot/spring-boot-testcontainers/3.5.0/spring-boot-testcontainers-3.5.0.jar:/home/runner/.m2/repository/org/testcontainers/testcontainers/1.21.0/testcontainers-1.21.0.jar:/home/runner/.m2/repository/junit/junit/4.13.2/junit-4.13.2.jar:/home/runner/.m2/repository/org/hamcrest/hamcrest-core/3.0/hamcrest-core-3.0.jar:/home/runner/.m2/repository/org/apache/commons/commons-compress/1.24.0/commons-compress-1.24.0.jar:/home/runner/.m2/repository/org/rnorth/duct-tape/duct-tape/1.0.8/duct-tape-1.0.8.jar:/home/runner/.m2/repository/org/jetbrains/annotations/17.0.0/annotations-17.0.0.jar:/home/runner/.m2/repository/com/github/docker-java/docker-java-api/3.4.2/docker-java-api-3.4.2.jar:/home/runner/.m2/repository/com/github/docker-java/docker-java-transport-zerodep/3.4.2/docker-java-transport-zerodep-3.4.2.jar:/home/runner/.m2/repository/com/github/docker-java/docker-java-transport/3.4.2/docker-java-transport-3.4.2.jar:/home/runner/.m2/repository/net/java/dev/jna/jna/5.13.0/jna-5.13.0.jar:/home/runner/.m2/repository/org/springframework/boot/spring-boot-docker-compose/3.5.0/spring-boot-docker-compose-3.5.0.jar:/home/runner/.m2/repository/com/fasterxml/jackson/core/jackson-databind/2.19.0/jackson-databind-2.19.0.jar:/home/runner/.m2/repository/com/fasterxml/jackson/core/jackson-annotations/2.19.0/jackson-annotations-2.19.0.jar:/home/runner/.m2/repository/com/fasterxml/jackson/core/jackson-core/2.19.0/jackson-core-2.19.0.jar:/home/runner/.m2/repository/com/fasterxml/jackson/module/jackson-module-parameter-names/2.19.0/jackson-module-parameter-names-2.19.0.jar:/home/runner/.m2/repository/org/testcontainers/junit-jupiter/1.21.0/junit-jupiter-1.21.0.jar:/home/runner/.m2/repository/org/testcontainers/mysql/1.21.0/mysql-1.21.0.jar:/home/runner/.m2/repository/org/testcontainers/jdbc/1.21.0/jdbc-1.21.0.jar:/home/runner/.m2/repository/org/testcontainers/database-commons/1.21.0/database-commons-1.21.0.jar:/home/runner/.m2/repository/jakarta/xml/bind/jakarta.xml.bind-api/4.0.2/jakarta.xml.bind-api-4.0.2.jar:/home/runner/.m2/repository/jakarta/activation/jakarta.activation-api/2.1.3/jakarta.activation-api-2.1.3.jar:"/>
    <property name="git.branch" value="copilot/fix-b2ee6b55-1682-499d-9b91-aa3e9ea9e8c1"/>
    <property name="git.build.host" value="pkrvm7jw40e0xgp"/>
    <property name="java.vm.vendor" value="Eclipse Adoptium"/>
    <property name="sun.arch.data.model" value="64"/>
    <property name="git.commit.id" value="6fc469227698e12f8dea0f46f75a02179cee6db5"/>
    <property name="java.vendor.url" value="https://adoptium.net/"/>
    <property name="catalina.useNaming" value="false"/>
    <property name="user.timezone" value="Etc/UTC"/>
    <property name="org.jboss.logging.provider" value="slf4j"/>
    <property name="java.vm.specification.version" value="17"/>
    <property name="os.name" value="Linux"/>
    <property name="git.commit.author.time" value="2025-09-05T15:36:03Z"/>
    <property name="sun.java.launcher" value="SUN_STANDARD"/>
    <property name="git.build.user.name" value="copilot-swe-agent[bot]"/>
    <property name="sun.boot.library.path" value="/usr/lib/jvm/temurin-17-jdk-amd64/lib"/>
    <property name="sun.java.command" value="/home/runner/work/spring-petclinic/spring-petclinic/target/surefire/surefirebooter-20250905154446204_3.jar /home/runner/work/spring-petclinic/spring-petclinic/target/surefire 2025-09-05T15-44-42_097-jvmRun1 surefire-20250905154446204_1tmp surefire_0-20250905154446204_2tmp"/>
    <property name="jdk.debug" value="release"/>
    <property name="surefire.test.class.path" value="/home/runner/work/spring-petclinic/spring-petclinic/target/test-classes:/home/runner/work/spring-petclinic/spring-petclinic/target/classes:/home/runner/.m2/repository/org/springframework/boot/spring-boot-starter-actuator/3.5.0/spring-boot-starter-actuator-3.5.0.jar:/home/runner/.m2/repository/org/springframework/boot/spring-boot-starter/3.5.0/spring-boot-starter-3.5.0.jar:/home/runner/.m2/repository/org/springframework/boot/spring-boot-starter-logging/3.5.0/spring-boot-starter-logging-3.5.0.jar:/home/runner/.m2/repository/ch/qos/logback/logback-classic/1.5.18/logback-classic-1.5.18.jar:/home/runner/.m2/repository/ch/qos/logback/logback-core/1.5.18/logback-core-1.5.18.jar:/home/runner/.m2/repository/org/apache/logging/log4j/log4j-to-slf4j/2.24.3/log4j-to-slf4j-2.24.3.jar:/home/runner/.m2/repository/org/apache/logging/log4j/log4j-api/2.24.3/log4j-api-2.24.3.jar:/home/runner/.m2/repository/org/slf4j/jul-to-slf4j/2.0.17/jul-to-slf4j-2.0.17.jar:/home/runner/.m2/repository/jakarta/annotation/jakarta.annotation-api/2.1.1/jakarta.annotation-api-2.1.1.jar:/home/runner/.m2/repository/org/yaml/snakeyaml/2.4/snakeyaml-2.4.jar:/home/runner/.m2/repository/org/springframework/boot/spring-boot-actuator-autoconfigure/3.5.0/spring-boot-actuator-autoconfigure-3.5.0.jar:/home/runner/.m2/repository/org/springframework/boot/spring-boot-actuator/3.5.0/spring-boot-actuator-3.5.0.jar:/home/runner/.m2/repository/com/fasterxml/jackson/datatype/jackson-datatype-jsr310/2.19.0/jackson-datatype-jsr310-2.19.0.jar:/home/runner/.m2/repository/io/micrometer/micrometer-observation/1.15.0/micrometer-observation-1.15.0.jar:/home/runner/.m2/repository/io/micrometer/micrometer-commons/1.15.0/micrometer-commons-1.15.0.jar:/home/runner/.m2/repository/io/micrometer/micrometer-jakarta9/1.15.0/micrometer-jakarta9-1.15.0.jar:/home/runner/.m2/repository/io/micrometer/micrometer-core/1.15.0/micrometer-core-1.15.0.jar:/home/runner/.m2/repository/org/hdrhistogram/HdrHistogram/2.2.2/HdrHistogram-2.2.2.jar:/home/runner/.m2/repository/org/latencyutils/LatencyUtils/2.0.3/LatencyUtils-2.0.3.jar:/home/runner/.m2/repository/org/springframework/boot/spring-boot-starter-cache/3.5.0/spring-boot-starter-cache-3.5.0.jar:/home/runner/.m2/repository/org/springframework/spring-context-support/6.2.7/spring-context-support-6.2.7.jar:/home/runner/.m2/repository/org/springframework/spring-beans/6.2.7/spring-beans-6.2.7.jar:/home/runner/.m2/repository/org/springframework/spring-context/6.2.7/spring-context-6.2.7.jar:/home/runner/.m2/repository/org/springframework/boot/spring-boot-starter-data-jpa/3.5.0/spring-boot-starter-data-jpa-3.5.0.jar:/home/runner/.m2/repository/org/springframework/boot/spring-boot-starter-jdbc/3.5.0/spring-boot-starter-jdbc-3.5.0.jar:/home/runner/.m2/repository/com/zaxxer/HikariCP/6.3.0/HikariCP-6.3.0.jar:/home/runner/.m2/repository/org/springframework/spring-jdbc/6.2.7/spring-jdbc-6.2.7.jar:/home/runner/.m2/repository/org/hibernate/orm/hibernate-core/6.6.15.Final/hibernate-core-6.6.15.Final.jar:/home/runner/.m2/repository/jakarta/persistence/jakarta.persistence-api/3.1.0/jakarta.persistence-api-3.1.0.jar:/home/runner/.m2/repository/jakarta/transaction/jakarta.transaction-api/2.0.1/jakarta.transaction-api-2.0.1.jar:/home/runner/.m2/repository/org/jboss/logging/jboss-logging/3.6.1.Final/jboss-logging-3.6.1.Final.jar:/home/runner/.m2/repository/org/hibernate/common/hibernate-commons-annotations/7.0.3.Final/hibernate-commons-annotations-7.0.3.Final.jar:/home/runner/.m2/repository/io/smallrye/jandex/3.2.0/jandex-3.2.0.jar:/home/runner/.m2/repository/com/fasterxml/classmate/1.7.0/classmate-1.7.0.jar:/home/runner/.m2/repository/net/bytebuddy/byte-buddy/1.17.5/byte-buddy-1.17.5.jar:/home/runner/.m2/repository/org/glassfish/jaxb/jaxb-runtime/4.0.5/jaxb-runtime-4.0.5.jar:/home/runner/.m2/repository/org/glassfish/jaxb/jaxb-core/4.0.5/jaxb-core-4.0.5.jar:/home/runner/.m2/repository/org/eclipse/angus/angus-activation/2.0.2/angus-activation-2.0.2.jar:/home/runner/.m2/repository/org/glassfish/jaxb/txw2/4.0.5/txw2-4.0.5.jar:/home/runner/.m2/repository/com/sun/istack/istack-commons-runtime/4.1.2/istack-commons-runtime-4.1.2.jar:/home/runner/.m2/repository/jakarta/inject/jakarta.inject-api/2.0.1/jakarta.inject-api-2.0.1.jar:/home/runner/.m2/repository/org/antlr/antlr4-runtime/4.13.0/antlr4-runtime-4.13.0.jar:/home/runner/.m2/repository/org/springframework/data/spring-data-jpa/3.5.0/spring-data-jpa-3.5.0.jar:/home/runner/.m2/repository/org/springframework/data/spring-data-commons/3.5.0/spring-data-commons-3.5.0.jar:/home/runner/.m2/repository/org/springframework/spring-orm/6.2.7/spring-orm-6.2.7.jar:/home/runner/.m2/repository/org/springframework/spring-aop/6.2.7/spring-aop-6.2.7.jar:/home/runner/.m2/repository/org/springframework/spring-tx/6.2.7/spring-tx-6.2.7.jar:/home/runner/.m2/repository/org/slf4j/slf4j-api/2.0.17/slf4j-api-2.0.17.jar:/home/runner/.m2/repository/org/springframework/spring-aspects/6.2.7/spring-aspects-6.2.7.jar:/home/runner/.m2/repository/org/aspectj/aspectjweaver/1.9.24/aspectjweaver-1.9.24.jar:/home/runner/.m2/repository/org/springframework/boot/spring-boot-starter-web/3.5.0/spring-boot-starter-web-3.5.0.jar:/home/runner/.m2/repository/org/springframework/boot/spring-boot-starter-json/3.5.0/spring-boot-starter-json-3.5.0.jar:/home/runner/.m2/repository/com/fasterxml/jackson/datatype/jackson-datatype-jdk8/2.19.0/jackson-datatype-jdk8-2.19.0.jar:/home/runner/.m2/repository/org/springframework/boot/spring-boot-starter-tomcat/3.5.0/spring-boot-starter-tomcat-3.5.0.jar:/home/runner/.m2/repository/org/apache/tomcat/embed/tomcat-embed-core/10.1.41/tomcat-embed-core-10.1.41.jar:/home/runner/.m2/repository/org/apache/tomcat/embed/tomcat-embed-websocket/10.1.41/tomcat-embed-websocket-10.1.41.jar:/home/runner/.m2/repository/org/springframework/spring-web/6.2.7/spring-web-6.2.7.jar:/home/runner/.m2/repository/org/springframework/spring-webmvc/6.2.7/spring-webmvc-6.2.7.jar:/home/runner/.m2/repository/org/springframework/spring-expression/6.2.7/spring-expression-6.2.7.jar:/home/runner/.m2/repository/org/springframework/boot/spring-boot-starter-validation/3.5.0/spring-boot-starter-validation-3.5.0.jar:/home/runner/.m2/repository/org/apache/tomcat/embed/tomcat-embed-el/10.1.41/tomcat-embed-el-10.1.41.jar:/home/runner/.m2/repository/org/hibernate/validator/hibernate-validator/8.0.2.Final/hibernate-validator-8.0.2.Final.jar:/home/runner/.m2/repository/jakarta/validation/jakarta.validation-api/3.0.2/jakarta.validation-api-3.0.2.jar:/home/runner/.m2/repository/org/springframework/boot/spring-boot-starter-thymeleaf/3.5.0/spring-boot-starter-thymeleaf-3.5.0.jar:/home/runner/.m2/repository/org/thymeleaf/thymeleaf-spring6/3.1.3.RELEASE/thymeleaf-spring6-3.1.3.RELEASE.jar:/home/runner/.m2/repository/org/thymeleaf/thymeleaf/3.1.3.RELEASE/thymeleaf-3.1.3.RELEASE.jar:/home/runner/.m2/repository/org/attoparser/attoparser/2.0.7.RELEASE/attoparser-2.0.7.RELEASE.jar:/home/runner/.m2/repository/org/unbescape/unbescape/1.1.6.RELEASE/unbescape-1.1.6.RELEASE.jar:/home/runner/.m2/repository/org/springframework/boot/spring-boot-starter-test/3.5.0/spring-boot-starter-test-3.5.0.jar:/home/runner/.m2/repository/org/springframework/boot/spring-boot-test/3.5.0/spring-boot-test-3.5.0.jar:/home/runner/.m2/repository/org/springframework/boot/spring-boot-test-autoconfigure/3.5.0/spring-boot-test-autoconfigure-3.5.0.jar:/home/runner/.m2/repository/com/jayway/jsonpath/json-path/2.9.0/json-path-2.9.0.jar:/home/runner/.m2/repository/net/minidev/json-smart/2.5.2/json-smart-2.5.2.jar:/home/runner/.m2/repository/net/minidev/accessors-smart/2.5.2/accessors-smart-2.5.2.jar:/home/runner/.m2/repository/org/ow2/asm/asm/9.7.1/asm-9.7.1.jar:/home/runner/.m2/repository/org/assertj/assertj-core/3.27.3/assertj-core-3.27.3.jar:/home/runner/.m2/repository/org/awaitility/awaitility/4.3.0/awaitility-4.3.0.jar:/home/runner/.m2/repository/org/hamcrest/hamcrest/3.0/hamcrest-3.0.jar:/home/runner/.m2/repository/org/junit/jupiter/junit-jupiter/5.12.2/junit-jupiter-5.12.2.jar:/home/runner/.m2/repository/org/junit/jupiter/junit-jupiter-api/5.12.2/junit-jupiter-api-5.12.2.jar:/home/runner/.m2/repository/org/opentest4j/opentest4j/1.3.0/opentest4j-1.3.0.jar:/home/runner/.m2/repository/org/junit/platform/junit-platform-commons/1.12.2/junit-platform-commons-1.12.2.jar:/home/runner/.m2/repository/org/apiguardian/apiguardian-api/1.1.2/apiguardian-api-1.1.2.jar:/home/runner/.m2/repository/org/junit/jupiter/junit-jupiter-params/5.12.2/junit-jupiter-params-5.12.2.jar:/home/runner/.m2/repository/org/junit/jupiter/junit-jupiter-engine/5.12.2/junit-jupiter-engine-5.12.2.jar:/home/runner/.m2/repository/org/junit/platform/junit-platform-engine/1.12.2/junit-platform-engine-1.12.2.jar:/home/runner/.m2/repository/org/mockito/mockito-core/5.17.0/mockito-core-5.17.0.jar:/home/runner/.m2/repository/net/bytebuddy/byte-buddy-agent/1.17.5/byte-buddy-agent-1.17.5.jar:/home/runner/.m2/repository/org/objenesis/objenesis/3.3/objenesis-3.3.jar:/home/runner/.m2/repository/org/mockito/mockito-junit-jupiter/5.17.0/mockito-junit-jupiter-5.17.0.jar:/home/runner/.m2/repository/org/skyscreamer/jsonassert/1.5.3/jsonassert-1.5.3.jar:/home/runner/.m2/repository/com/vaadin/external/google/android-json/0.0.20131108.vaadin1/android-json-0.0.20131108.vaadin1.jar:/home/runner/.m2/repository/org/springframework/spring-core/6.2.7/spring-core-6.2.7.jar:/home/runner/.m2/repository/org/springframework/spring-jcl/6.2.7/spring-jcl-6.2.7.jar:/home/runner/.m2/repository/org/springframework/spring-test/6.2.7/spring-test-6.2.7.jar:/home/runner/.m2/repository/org/xmlunit/xmlunit-core/2.10.1/xmlunit-core-2.10.1.jar:/home/runner/.m2/repository/com/h2database/h2/2.3.232/h2-2.3.232.jar:/home/runner/.m2/repository/com/mysql/mysql-connector-j/9.2.0/mysql-connector-j-9.2.0.jar:/home/runner/.m2/repository/org/postgresql/postgresql/42.7.5/postgresql-42.7.5.jar:/home/runner/.m2/repository/org/checkerframework/checker-qual/3.48.3/checker-qual-3.48.3.jar:/home/runner/.m2/repository/javax/cache/cache-api/1.1.1/cache-api-1.1.1.jar:/home/runner/.m2/repository/com/github/ben-manes/caffeine/caffeine/3.2.0/caffeine-3.2.0.jar:/home/runner/.m2/repository/org/jspecify/jspecify/1.0.0/jspecify-1.0.0.jar:/home/runner/.m2/repository/com/google/errorprone/error_prone_annotations/2.36.0/error_prone_annotations-2.36.0.jar:/home/runner/.m2/repository/org/webjars/webjars-locator-lite/1.1.0/webjars-locator-lite-1.1.0.jar:/home/runner/.m2/repository/org/webjars/npm/bootstrap/5.3.6/bootstrap-5.3.6.jar:/home/runner/.m2/repository/org/webjars/npm/font-awesome/4.7.0/font-awesome-4.7.0.jar:/home/runner/.m2/repository/org/springframework/boot/spring-boot-devtools/3.5.0/spring-boot-devtools-3.5.0.jar:/home/runner/.m2/repository/org/springframework/boot/spring-boot/3.5.0/spring-boot-3.5.0.jar:/home/runner/.m2/repository/org/springframework/boot/spring-boot-autoconfigure/3.5.0/spring-boot-autoconfigure-3.5.0.jar:/home/runner/.m2/repository/org/springframework/boot/spring-boot-testcontainers/3.5.0/spring-boot-testcontainers-3.5.0.jar:/home/runner/.m2/repository/org/testcontainers/testcontainers/1.21.0/testcontainers-1.21.0.jar:/home/runner/.m2/repository/junit/junit/4.13.2/junit-4.13.2.jar:/home/runner/.m2/repository/org/hamcrest/hamcrest-core/3.0/hamcrest-core-3.0.jar:/home/runner/.m2/repository/org/apache/commons/commons-compress/1.24.0/commons-compress-1.24.0.jar:/home/runner/.m2/repository/org/rnorth/duct-tape/duct-tape/1.0.8/duct-tape-1.0.8.jar:/home/runner/.m2/repository/org/jetbrains/annotations/17.0.0/annotations-17.0.0.jar:/home/runner/.m2/repository/com/github/docker-java/docker-java-api/3.4.2/docker-java-api-3.4.2.jar:/home/runner/.m2/repository/com/github/docker-java/docker-java-transport-zerodep/3.4.2/docker-java-transport-zerodep-3.4.2.jar:/home/runner/.m2/repository/com/github/docker-java/docker-java-transport/3.4.2/docker-java-transport-3.4.2.jar:/home/runner/.m2/repository/net/java/dev/jna/jna/5.13.0/jna-5.13.0.jar:/home/runner/.m2/repository/org/springframework/boot/spring-boot-docker-compose/3.5.0/spring-boot-docker-compose-3.5.0.jar:/home/runner/.m2/repository/com/fasterxml/jackson/core/jackson-databind/2.19.0/jackson-databind-2.19.0.jar:/home/runner/.m2/repository/com/fasterxml/jackson/core/jackson-annotations/2.19.0/jackson-annotations-2.19.0.jar:/home/runner/.m2/repository/com/fasterxml/jackson/core/jackson-core/2.19.0/jackson-core-2.19.0.jar:/home/runner/.m2/repository/com/fasterxml/jackson/module/jackson-module-parameter-names/2.19.0/jackson-module-parameter-names-2.19.0.jar:/home/runner/.m2/repository/org/testcontainers/junit-jupiter/1.21.0/junit-jupiter-1.21.0.jar:/home/runner/.m2/repository/org/testcontainers/mysql/1.21.0/mysql-1.21.0.jar:/home/runner/.m2/repository/org/testcontainers/jdbc/1.21.0/jdbc-1.21.0.jar:/home/runner/.m2/repository/org/testcontainers/database-commons/1.21.0/database-commons-1.21.0.jar:/home/runner/.m2/repository/jakarta/xml/bind/jakarta.xml.bind-api/4.0.2/jakarta.xml.bind-api-4.0.2.jar:/home/runner/.m2/repository/jakarta/activation/jakarta.activation-api/2.1.3/jakarta.activation-api-2.1.3.jar:"/>
    <property name="sun.cpu.endian" value="little"/>
    <property name="user.home" value="/home/runner"/>
    <property name="user.language" value="en"/>
    <property name="git.closest.tag.commit.count" value=""/>
    <property name="java.specification.vendor" value="Oracle Corporation"/>
    <property name="java.version.date" value="2025-07-15"/>
    <property name="java.home" value="/usr/lib/jvm/temurin-17-jdk-amd64"/>
    <property name="git.total.commit.count" value="2"/>
    <property name="file.separator" value="/"/>
    <property name="basedir" value="/home/runner/work/spring-petclinic/spring-petclinic"/>
    <property name="java.vm.compressedOopsMode" value="Zero based"/>
    <property name="line.separator" value="&#10;"/>
    <property name="git.build.user.email" value="198982749+Copilot@users.noreply.github.com"/>
    <property name="git.commit.committer.time" value="2025-09-05T15:36:03Z"/>
    <property name="java.vm.specification.vendor" value="Oracle Corporation"/>
    <property name="java.specification.name" value="Java Platform API Specification"/>
    <property name="FILE_LOG_CHARSET" value="UTF-8"/>
    <property name="java.awt.headless" value="true"/>
    <property name="git.tag" value=""/>
    <property name="git.closest.tag.name" value=""/>
    <property name="git.local.branch.ahead" value="0"/>
    <property name="git.build.time" value="2024-11-28T14:37:52Z"/>
    <property name="surefire.real.class.path" value="/home/runner/work/spring-petclinic/spring-petclinic/target/surefire/surefirebooter-20250905154446204_3.jar"/>
    <property name="git.commit.message.full" value="Initial plan"/>
    <property name="junit.platform.listeners.uid.tracking.enabled" value="true"/>
    <property name="sun.management.compiler" value="HotSpot 64-Bit Tiered Compilers"/>
    <property name="junit.platform.listeners.uid.tracking.output.dir" value="/home/runner/work/spring-petclinic/spring-petclinic/target/test-ids"/>
    <property name="java.runtime.version" value="17.0.16+8"/>
    <property name="user.name" value="runner"/>
    <property name="path.separator" value=":"/>
    <property name="os.version" value="6.11.0-1018-azure"/>
    <property name="java.runtime.name" value="OpenJDK Runtime Environment"/>
    <property name="file.encoding" value="UTF-8"/>
    <property name="jnidispatch.path" value="/home/runner/.cache/JNA/temp/jna16442052146279033982.tmp"/>
    <property name="git.commit.user.email" value="198982749+Copilot@users.noreply.github.com"/>
    <property name="java.vm.name" value="OpenJDK 64-Bit Server VM"/>
    <property name="jna.platform.library.path" value="/usr/lib/x86_64-linux-gnu:/lib/x86_64-linux-gnu:/usr/lib64:/lib64:/usr/lib:/lib:/lib32:/usr/local/lib:/usr/lib/x86_64-linux-gnu/libfakeroot"/>
    <property name="java.vendor.version" value="Temurin-17.0.16+8"/>
    <property name="git.local.branch.behind" value="0"/>
    <property name="git.dirty" value="false"/>
    <property name="localRepository" value="/home/runner/.m2/repository"/>
    <property name="jna.loaded" value="true"/>
    <property name="java.vendor.url.bug" value="https://github.com/adoptium/adoptium-support/issues"/>
    <property name="java.io.tmpdir" value="/tmp"/>
    <property name="catalina.home" value="/tmp/tomcat.0.9087003014703572027"/>
    <property name="com.zaxxer.hikari.pool_number" value="4"/>
    <property name="java.version" value="17.0.16"/>
    <property name="user.dir" value="/home/runner/work/spring-petclinic/spring-petclinic"/>
    <property name="os.arch" value="amd64"/>
    <property name="git.commit.user.name" value="copilot-swe-agent[bot]"/>
    <property name="git.commit.id.abbrev" value="6fc4692"/>
    <property name="java.vm.specification.name" value="Java Virtual Machine Specification"/>
    <property name="PID" value="4406"/>
    <property name="git.commit.id.describe-short" value="6fc4692"/>
    <property name="CONSOLE_LOG_CHARSET" value="UTF-8"/>
    <property name="git.commit.id.describe" value="6fc4692"/>
    <property name="catalina.base" value="/tmp/tomcat.0.1867140026040650670"/>
    <property name="native.encoding" value="UTF-8"/>
    <property name="java.library.path" value="/usr/java/packages/lib:/usr/lib64:/lib64:/lib:/usr/lib"/>
    <property name="git.commit.message.short" value="Initial plan"/>
    <property name="java.vm.info" value="mixed mode, sharing"/>
    <property name="java.vendor" value="Eclipse Adoptium"/>
    <property name="java.vm.version" value="17.0.16+8"/>
    <property name="java.specification.maintenance.version" value="1"/>
    <property name="sun.io.unicode.encoding" value="UnicodeLittle"/>
    <property name="java.class.version" value="61.0"/>
    <property name="git.commit.time" value="2025-09-05T15:36:03Z"/>
    <property name="git.remote.origin.url" value="https://github.com/mazlumDemirel/spring-petclinic"/>
  </properties>
  <testcase name="testFindAll" classname="org.springframework.samples.petclinic.PostgresIntegrationTests" time="0.04">
    <system-out><![CDATA[2025-09-05T15:45:40.349Z  INFO 4406 --- [           main] t.c.s.AnnotationConfigContextLoaderUtils : Could not detect default configuration classes for test class [org.springframework.samples.petclinic.PostgresIntegrationTests]: PostgresIntegrationTests does not declare any static, non-private, non-final, nested classes annotated with @Configuration.
2025-09-05T15:45:40.360Z  INFO 4406 --- [           main] .b.t.c.SpringBootTestContextBootstrapper : Found @SpringBootConfiguration org.springframework.samples.petclinic.PetClinicApplication for test class org.springframework.samples.petclinic.PostgresIntegrationTests
2025-09-05T15:45:40.374Z  INFO 4406 --- [           main] o.s.b.d.r.RestartApplicationListener     : Restart disabled due to context in which it is running


              |\      _,,,--,,_
             /,`.-'`'   ._  \-;;,_
  _______ __|,4-  ) )_   .;.(__`'-'__     ___ __    _ ___ _______
 |       | '---''(_/._)-'(_\_)   |   |   |   |  |  | |   |       |
 |    _  |    ___|_     _|       |   |   |   |   |_| |   |       | __ _ _
 |   |_| |   |___  |   | |       |   |   |   |       |   |       | \ \ \ \
 |    ___|    ___| |   | |      _|   |___|   |  _    |   |      _|  \ \ \ \
 |   |   |   |___  |   | |     |_|       |   | | |   |   |     |_    ) ) ) )
 |___|   |_______| |___| |_______|_______|___|_|  |__|___|_______|  / / / /
 ==================================================================/_/_/_/

:: Built with Spring Boot :: 3.5.0


2025-09-05T15:45:40.424Z  INFO 4406 --- [           main] o.s.s.p.PostgresIntegrationTests         : Starting PostgresIntegrationTests using Java 17.0.16 with PID 4406 (started by runner in /home/runner/work/spring-petclinic/spring-petclinic)
2025-09-05T15:45:40.425Z  INFO 4406 --- [           main] o.s.s.p.PostgresIntegrationTests         : The following 1 profile is active: "postgres"
2025-09-05T15:45:40.434Z  INFO 4406 --- [           main] .s.b.d.c.l.DockerComposeLifecycleManager : Using Docker Compose file /home/runner/work/spring-petclinic/spring-petclinic/docker-compose.yml
2025-09-05T15:45:41.276Z  INFO 4406 --- [utReader-stderr] o.s.boot.docker.compose.core.DockerCli   :  postgres Pulling 
2025-09-05T15:45:42.227Z  INFO 4406 --- [utReader-stderr] o.s.boot.docker.compose.core.DockerCli   :  396b1da7636e Pulling fs layer 
2025-09-05T15:45:42.227Z  INFO 4406 --- [utReader-stderr] o.s.boot.docker.compose.core.DockerCli   :  f12c02178a16 Pulling fs layer 
2025-09-05T15:45:42.228Z  INFO 4406 --- [utReader-stderr] o.s.boot.docker.compose.core.DockerCli   :  e2852bcd90c1 Pulling fs layer 
2025-09-05T15:45:42.228Z  INFO 4406 --- [utReader-stderr] o.s.boot.docker.compose.core.DockerCli   :  f110c2d63c7b Pulling fs layer 
2025-09-05T15:45:42.228Z  INFO 4406 --- [utReader-stderr] o.s.boot.docker.compose.core.DockerCli   :  34d3b664ecd0 Pulling fs layer 
2025-09-05T15:45:42.228Z  INFO 4406 --- [utReader-stderr] o.s.boot.docker.compose.core.DockerCli   :  837415f4eac4 Pulling fs layer 
2025-09-05T15:45:42.228Z  INFO 4406 --- [utReader-stderr] o.s.boot.docker.compose.core.DockerCli   :  9c7bb009f799 Pulling fs layer 
2025-09-05T15:45:42.228Z  INFO 4406 --- [utReader-stderr] o.s.boot.docker.compose.core.DockerCli   :  5df8dd3bf5ba Pulling fs layer 
2025-09-05T15:45:42.228Z  INFO 4406 --- [utReader-stderr] o.s.boot.docker.compose.core.DockerCli   :  a3f5073def7e Pulling fs layer 
2025-09-05T15:45:42.228Z  INFO 4406 --- [utReader-stderr] o.s.boot.docker.compose.core.DockerCli   :  e55e06bab052 Pulling fs layer 
2025-09-05T15:45:42.228Z  INFO 4406 --- [utReader-stderr] o.s.boot.docker.compose.core.DockerCli   :  b39abc7629b8 Pulling fs layer 
2025-09-05T15:45:42.228Z  INFO 4406 --- [utReader-stderr] o.s.boot.docker.compose.core.DockerCli   :  09565ee06ad1 Pulling fs layer 
2025-09-05T15:45:42.228Z  INFO 4406 --- [utReader-stderr] o.s.boot.docker.compose.core.DockerCli   :  dfb76d5a073e Pulling fs layer 
2025-09-05T15:45:42.228Z  INFO 4406 --- [utReader-stderr] o.s.boot.docker.compose.core.DockerCli   :  b32c22ae91d9 Pulling fs layer 
2025-09-05T15:45:42.228Z  INFO 4406 --- [utReader-stderr] o.s.boot.docker.compose.core.DockerCli   :  5df8dd3bf5ba Waiting 
2025-09-05T15:45:42.229Z  INFO 4406 --- [utReader-stderr] o.s.boot.docker.compose.core.DockerCli   :  a3f5073def7e Waiting 
2025-09-05T15:45:42.229Z  INFO 4406 --- [utReader-stderr] o.s.boot.docker.compose.core.DockerCli   :  e55e06bab052 Waiting 
2025-09-05T15:45:42.229Z  INFO 4406 --- [utReader-stderr] o.s.boot.docker.compose.core.DockerCli   :  b39abc7629b8 Waiting 
2025-09-05T15:45:42.229Z  INFO 4406 --- [utReader-stderr] o.s.boot.docker.compose.core.DockerCli   :  09565ee06ad1 Waiting 
2025-09-05T15:45:42.229Z  INFO 4406 --- [utReader-stderr] o.s.boot.docker.compose.core.DockerCli   :  dfb76d5a073e Waiting 
2025-09-05T15:45:42.229Z  INFO 4406 --- [utReader-stderr] o.s.boot.docker.compose.core.DockerCli   :  b32c22ae91d9 Waiting 
2025-09-05T15:45:42.229Z  INFO 4406 --- [utReader-stderr] o.s.boot.docker.compose.core.DockerCli   :  f110c2d63c7b Waiting 
2025-09-05T15:45:42.229Z  INFO 4406 --- [utReader-stderr] o.s.boot.docker.compose.core.DockerCli   :  34d3b664ecd0 Waiting 
2025-09-05T15:45:42.229Z  INFO 4406 --- [utReader-stderr] o.s.boot.docker.compose.core.DockerCli   :  837415f4eac4 Waiting 
2025-09-05T15:45:42.229Z  INFO 4406 --- [utReader-stderr] o.s.boot.docker.compose.core.DockerCli   :  9c7bb009f799 Waiting 
2025-09-05T15:45:42.572Z  INFO 4406 --- [utReader-stderr] o.s.boot.docker.compose.core.DockerCli   :  396b1da7636e Downloading [>                                                  ]  301.4kB/29.77MB
2025-09-05T15:45:42.605Z  INFO 4406 --- [utReader-stderr] o.s.boot.docker.compose.core.DockerCli   :  f12c02178a16 Downloading [=======================================>           ]     934B/1.168kB
2025-09-05T15:45:42.605Z  INFO 4406 --- [utReader-stderr] o.s.boot.docker.compose.core.DockerCli   :  f12c02178a16 Downloading [==================================================>]  1.168kB/1.168kB
2025-09-05T15:45:42.606Z  INFO 4406 --- [utReader-stderr] o.s.boot.docker.compose.core.DockerCli   :  f12c02178a16 Verifying Checksum 
2025-09-05T15:45:42.607Z  INFO 4406 --- [utReader-stderr] o.s.boot.docker.compose.core.DockerCli   :  f12c02178a16 Download complete 
2025-09-05T15:45:42.622Z  INFO 4406 --- [utReader-stderr] o.s.boot.docker.compose.core.DockerCli   :  e2852bcd90c1 Downloading [>                                                  ]  67.46kB/6.437MB
2025-09-05T15:45:42.674Z  INFO 4406 --- [utReader-stderr] o.s.boot.docker.compose.core.DockerCli   :  396b1da7636e Downloading [=============>                                     ]   7.96MB/29.77MB
2025-09-05T15:45:42.765Z  INFO 4406 --- [utReader-stderr] o.s.boot.docker.compose.core.DockerCli   :  e2852bcd90c1 Downloading [==>                                                ]  266.4kB/6.437MB
2025-09-05T15:45:42.775Z  INFO 4406 --- [utReader-stderr] o.s.boot.docker.compose.core.DockerCli   :  396b1da7636e Downloading [====================================>              ]   21.5MB/29.77MB
2025-09-05T15:45:42.840Z  INFO 4406 --- [utReader-stderr] o.s.boot.docker.compose.core.DockerCli   :  396b1da7636e Verifying Checksum 
2025-09-05T15:45:42.841Z  INFO 4406 --- [utReader-stderr] o.s.boot.docker.compose.core.DockerCli   :  396b1da7636e Download complete 
2025-09-05T15:45:42.866Z  INFO 4406 --- [utReader-stderr] o.s.boot.docker.compose.core.DockerCli   :  e2852bcd90c1 Downloading [==========>                                        ]  1.332MB/6.437MB
2025-09-05T15:45:42.878Z  INFO 4406 --- [utReader-stderr] o.s.boot.docker.compose.core.DockerCli   :  f110c2d63c7b Downloading [>                                                  ]  15.16kB/1.454MB
2025-09-05T15:45:42.887Z  INFO 4406 --- [utReader-stderr] o.s.boot.docker.compose.core.DockerCli   :  396b1da7636e Extracting [>                                                  ]  327.7kB/29.77MB
2025-09-05T15:45:42.955Z  INFO 4406 --- [utReader-stderr] o.s.boot.docker.compose.core.DockerCli   :  f110c2d63c7b Verifying Checksum 
2025-09-05T15:45:42.957Z  INFO 4406 --- [utReader-stderr] o.s.boot.docker.compose.core.DockerCli   :  f110c2d63c7b Download complete 
2025-09-05T15:45:42.967Z  INFO 4406 --- [utReader-stderr] o.s.boot.docker.compose.core.DockerCli   :  e2852bcd90c1 Downloading [=======================================>           ]  5.119MB/6.437MB
2025-09-05T15:45:42.982Z  INFO 4406 --- [utReader-stderr] o.s.boot.docker.compose.core.DockerCli   :  e2852bcd90c1 Download complete 
2025-09-05T15:45:42.989Z  INFO 4406 --- [utReader-stderr] o.s.boot.docker.compose.core.DockerCli   :  396b1da7636e Extracting [=======>                                           ]   4.26MB/29.77MB
2025-09-05T15:45:43.091Z  INFO 4406 --- [utReader-stderr] o.s.boot.docker.compose.core.DockerCli   :  396b1da7636e Extracting [==============>                                    ]  8.847MB/29.77MB
2025-09-05T15:45:43.143Z  INFO 4406 --- [utReader-stderr] o.s.boot.docker.compose.core.DockerCli   :  34d3b664ecd0 Downloading [>                                                  ]  86.16kB/8.204MB
2025-09-05T15:45:43.204Z  INFO 4406 --- [utReader-stderr] o.s.boot.docker.compose.core.DockerCli   :  396b1da7636e Extracting [==================>                                ]  11.14MB/29.77MB
2025-09-05T15:45:43.244Z  INFO 4406 --- [utReader-stderr] o.s.boot.docker.compose.core.DockerCli   :  34d3b664ecd0 Downloading [============================>                      ]  4.758MB/8.204MB
2025-09-05T15:45:43.247Z  INFO 4406 --- [utReader-stderr] o.s.boot.docker.compose.core.DockerCli   :  9c7bb009f799 Downloading [==================================================>]     116B/116B
2025-09-05T15:45:43.247Z  INFO 4406 --- [utReader-stderr] o.s.boot.docker.compose.core.DockerCli   :  9c7bb009f799 Verifying Checksum 
2025-09-05T15:45:43.247Z  INFO 4406 --- [utReader-stderr] o.s.boot.docker.compose.core.DockerCli   :  9c7bb009f799 Download complete 
2025-09-05T15:45:43.294Z  INFO 4406 --- [utReader-stderr] o.s.boot.docker.compose.core.DockerCli   :  34d3b664ecd0 Download complete 
2025-09-05T15:45:43.305Z  INFO 4406 --- [utReader-stderr] o.s.boot.docker.compose.core.DockerCli   :  396b1da7636e Extracting [========================>                          ]  14.42MB/29.77MB
2025-09-05T15:45:43.333Z  INFO 4406 --- [utReader-stderr] o.s.boot.docker.compose.core.DockerCli   :  837415f4eac4 Downloading [>                                                  ]  13.79kB/1.311MB
2025-09-05T15:45:43.410Z  INFO 4406 --- [utReader-stderr] o.s.boot.docker.compose.core.DockerCli   :  396b1da7636e Extracting [================================>                  ]  19.33MB/29.77MB
2025-09-05T15:45:43.424Z  INFO 4406 --- [utReader-stderr] o.s.boot.docker.compose.core.DockerCli   :  837415f4eac4 Verifying Checksum 
2025-09-05T15:45:43.425Z  INFO 4406 --- [utReader-stderr] o.s.boot.docker.compose.core.DockerCli   :  837415f4eac4 Download complete 
2025-09-05T15:45:43.516Z  INFO 4406 --- [utReader-stderr] o.s.boot.docker.compose.core.DockerCli   :  396b1da7636e Extracting [=========================================>         ]   24.9MB/29.77MB
2025-09-05T15:45:43.526Z  INFO 4406 --- [utReader-stderr] o.s.boot.docker.compose.core.DockerCli   :  5df8dd3bf5ba Downloading [==============>                                    ]     934B/3.139kB
2025-09-05T15:45:43.526Z  INFO 4406 --- [utReader-stderr] o.s.boot.docker.compose.core.DockerCli   :  5df8dd3bf5ba Downloading [==================================================>]  3.139kB/3.139kB
2025-09-05T15:45:43.526Z  INFO 4406 --- [utReader-stderr] o.s.boot.docker.compose.core.DockerCli   :  5df8dd3bf5ba Verifying Checksum 
2025-09-05T15:45:43.526Z  INFO 4406 --- [utReader-stderr] o.s.boot.docker.compose.core.DockerCli   :  5df8dd3bf5ba Download complete 
2025-09-05T15:45:43.628Z  INFO 4406 --- [utReader-stderr] o.s.boot.docker.compose.core.DockerCli   :  a3f5073def7e Downloading [>                                                  ]  528.5kB/114.2MB
2025-09-05T15:45:43.692Z  INFO 4406 --- [utReader-stderr] o.s.boot.docker.compose.core.DockerCli   :  e55e06bab052 Downloading [====>                                              ]     933B/10.34kB
2025-09-05T15:45:43.693Z  INFO 4406 --- [utReader-stderr] o.s.boot.docker.compose.core.DockerCli   :  e55e06bab052 Downloading [==================================================>]  10.34kB/10.34kB
2025-09-05T15:45:43.693Z  INFO 4406 --- [utReader-stderr] o.s.boot.docker.compose.core.DockerCli   :  e55e06bab052 Verifying Checksum 
2025-09-05T15:45:43.693Z  INFO 4406 --- [utReader-stderr] o.s.boot.docker.compose.core.DockerCli   :  e55e06bab052 Download complete 
2025-09-05T15:45:43.727Z  INFO 4406 --- [utReader-stderr] o.s.boot.docker.compose.core.DockerCli   :  a3f5073def7e Downloading [===>                                               ]  7.478MB/114.2MB
2025-09-05T15:45:43.732Z  INFO 4406 --- [utReader-stderr] o.s.boot.docker.compose.core.DockerCli   :  396b1da7636e Extracting [============================================>      ]  26.21MB/29.77MB
2025-09-05T15:45:43.828Z  INFO 4406 --- [utReader-stderr] o.s.boot.docker.compose.core.DockerCli   :  a3f5073def7e Downloading [=======>                                           ]  18.22MB/114.2MB
2025-09-05T15:45:43.837Z  INFO 4406 --- [utReader-stderr] o.s.boot.docker.compose.core.DockerCli   :  b39abc7629b8 Downloading [==================================================>]     128B/128B
2025-09-05T15:45:43.838Z  INFO 4406 --- [utReader-stderr] o.s.boot.docker.compose.core.DockerCli   :  b39abc7629b8 Verifying Checksum 
2025-09-05T15:45:43.838Z  INFO 4406 --- [utReader-stderr] o.s.boot.docker.compose.core.DockerCli   :  b39abc7629b8 Download complete 
2025-09-05T15:45:43.877Z  INFO 4406 --- [utReader-stderr] o.s.boot.docker.compose.core.DockerCli   :  396b1da7636e Extracting [===============================================>   ]  28.51MB/29.77MB
2025-09-05T15:45:43.940Z  INFO 4406 --- [utReader-stderr] o.s.boot.docker.compose.core.DockerCli   :  a3f5073def7e Downloading [============>                                      ]  27.87MB/114.2MB
2025-09-05T15:45:43.955Z  INFO 4406 --- [utReader-stderr] o.s.boot.docker.compose.core.DockerCli   :  09565ee06ad1 Downloading [==================================================>]     167B/167B
2025-09-05T15:45:43.955Z  INFO 4406 --- [utReader-stderr] o.s.boot.docker.compose.core.DockerCli   :  09565ee06ad1 Verifying Checksum 
2025-09-05T15:45:43.955Z  INFO 4406 --- [utReader-stderr] o.s.boot.docker.compose.core.DockerCli   :  09565ee06ad1 Download complete 
2025-09-05T15:45:44.055Z  INFO 4406 --- [utReader-stderr] o.s.boot.docker.compose.core.DockerCli   :  a3f5073def7e Downloading [==============>                                    ]  33.77MB/114.2MB
2025-09-05T15:45:44.105Z  INFO 4406 --- [utReader-stderr] o.s.boot.docker.compose.core.DockerCli   :  396b1da7636e Extracting [================================================>  ]  29.16MB/29.77MB
2025-09-05T15:45:44.158Z  INFO 4406 --- [utReader-stderr] o.s.boot.docker.compose.core.DockerCli   :  dfb76d5a073e Downloading [=======>                                           ]     935B/5.925kB
2025-09-05T15:45:44.158Z  INFO 4406 --- [utReader-stderr] o.s.boot.docker.compose.core.DockerCli   :  dfb76d5a073e Downloading [==================================================>]  5.925kB/5.925kB
2025-09-05T15:45:44.158Z  INFO 4406 --- [utReader-stderr] o.s.boot.docker.compose.core.DockerCli   :  dfb76d5a073e Verifying Checksum 
2025-09-05T15:45:44.158Z  INFO 4406 --- [utReader-stderr] o.s.boot.docker.compose.core.DockerCli   :  dfb76d5a073e Download complete 
2025-09-05T15:45:44.162Z  INFO 4406 --- [utReader-stderr] o.s.boot.docker.compose.core.DockerCli   :  a3f5073def7e Downloading [=================>                                 ]  39.66MB/114.2MB
2025-09-05T15:45:44.230Z  INFO 4406 --- [utReader-stderr] o.s.boot.docker.compose.core.DockerCli   :  b32c22ae91d9 Downloading [==================================================>]     186B/186B
2025-09-05T15:45:44.231Z  INFO 4406 --- [utReader-stderr] o.s.boot.docker.compose.core.DockerCli   :  b32c22ae91d9 Verifying Checksum 
2025-09-05T15:45:44.233Z  INFO 4406 --- [utReader-stderr] o.s.boot.docker.compose.core.DockerCli   :  b32c22ae91d9 Download complete 
2025-09-05T15:45:44.273Z  INFO 4406 --- [utReader-stderr] o.s.boot.docker.compose.core.DockerCli   :  396b1da7636e Extracting [==================================================>]  29.77MB/29.77MB
2025-09-05T15:45:44.288Z  INFO 4406 --- [utReader-stderr] o.s.boot.docker.compose.core.DockerCli   :  a3f5073def7e Downloading [===================>                               ]  43.96MB/114.2MB
2025-09-05T15:45:44.311Z  INFO 4406 --- [utReader-stderr] o.s.boot.docker.compose.core.DockerCli   :  396b1da7636e Pull complete 
2025-09-05T15:45:44.313Z  INFO 4406 --- [utReader-stderr] o.s.boot.docker.compose.core.DockerCli   :  f12c02178a16 Extracting [==================================================>]  1.168kB/1.168kB
2025-09-05T15:45:44.314Z  INFO 4406 --- [utReader-stderr] o.s.boot.docker.compose.core.DockerCli   :  f12c02178a16 Extracting [==================================================>]  1.168kB/1.168kB
2025-09-05T15:45:44.411Z  INFO 4406 --- [utReader-stderr] o.s.boot.docker.compose.core.DockerCli   :  a3f5073def7e Downloading [====================>                              ]  47.15MB/114.2MB
2025-09-05T15:45:44.443Z  INFO 4406 --- [utReader-stderr] o.s.boot.docker.compose.core.DockerCli   :  f12c02178a16 Pull complete 
2025-09-05T15:45:44.445Z  INFO 4406 --- [utReader-stderr] o.s.boot.docker.compose.core.DockerCli   :  e2852bcd90c1 Extracting [>                                                  ]  65.54kB/6.437MB
2025-09-05T15:45:44.517Z  INFO 4406 --- [utReader-stderr] o.s.boot.docker.compose.core.DockerCli   :  a3f5073def7e Downloading [=====================>                             ]  49.84MB/114.2MB
2025-09-05T15:45:44.548Z  INFO 4406 --- [utReader-stderr] o.s.boot.docker.compose.core.DockerCli   :  e2852bcd90c1 Extracting [===================================>               ]  4.588MB/6.437MB
2025-09-05T15:45:44.616Z  INFO 4406 --- [utReader-stderr] o.s.boot.docker.compose.core.DockerCli   :  e2852bcd90c1 Extracting [==================================================>]  6.437MB/6.437MB
2025-09-05T15:45:44.623Z  INFO 4406 --- [utReader-stderr] o.s.boot.docker.compose.core.DockerCli   :  a3f5073def7e Downloading [========================>                          ]  55.73MB/114.2MB
2025-09-05T15:45:44.692Z  INFO 4406 --- [utReader-stderr] o.s.boot.docker.compose.core.DockerCli   :  e2852bcd90c1 Pull complete 
2025-09-05T15:45:44.696Z  INFO 4406 --- [utReader-stderr] o.s.boot.docker.compose.core.DockerCli   :  f110c2d63c7b Extracting [=>                                                 ]  32.77kB/1.454MB
2025-09-05T15:45:44.726Z  INFO 4406 --- [utReader-stderr] o.s.boot.docker.compose.core.DockerCli   :  a3f5073def7e Downloading [=========================>                         ]  58.94MB/114.2MB
2025-09-05T15:45:44.746Z  INFO 4406 --- [utReader-stderr] o.s.boot.docker.compose.core.DockerCli   :  f110c2d63c7b Extracting [==================================================>]  1.454MB/1.454MB
2025-09-05T15:45:44.765Z  INFO 4406 --- [utReader-stderr] o.s.boot.docker.compose.core.DockerCli   :  f110c2d63c7b Pull complete 
2025-09-05T15:45:44.768Z  INFO 4406 --- [utReader-stderr] o.s.boot.docker.compose.core.DockerCli   :  34d3b664ecd0 Extracting [>                                                  ]   98.3kB/8.204MB
2025-09-05T15:45:44.872Z  INFO 4406 --- [utReader-stderr] o.s.boot.docker.compose.core.DockerCli   :  34d3b664ecd0 Extracting [===================>                               ]  3.244MB/8.204MB
2025-09-05T15:45:44.876Z  INFO 4406 --- [utReader-stderr] o.s.boot.docker.compose.core.DockerCli   :  a3f5073def7e Downloading [===========================>                       ]  62.13MB/114.2MB
2025-09-05T15:45:44.987Z  INFO 4406 --- [utReader-stderr] o.s.boot.docker.compose.core.DockerCli   :  a3f5073def7e Downloading [============================>                      ]  64.81MB/114.2MB
2025-09-05T15:45:44.991Z  INFO 4406 --- [utReader-stderr] o.s.boot.docker.compose.core.DockerCli   :  34d3b664ecd0 Extracting [=============================>                     ]  4.817MB/8.204MB
2025-09-05T15:45:45.088Z  INFO 4406 --- [utReader-stderr] o.s.boot.docker.compose.core.DockerCli   :  a3f5073def7e Downloading [==============================>                    ]  70.69MB/114.2MB
2025-09-05T15:45:45.097Z  INFO 4406 --- [utReader-stderr] o.s.boot.docker.compose.core.DockerCli   :  34d3b664ecd0 Extracting [======================================>            ]  6.291MB/8.204MB
2025-09-05T15:45:45.165Z  INFO 4406 --- [utReader-stderr] o.s.boot.docker.compose.core.DockerCli   :  34d3b664ecd0 Extracting [==================================================>]  8.204MB/8.204MB
2025-09-05T15:45:45.198Z  INFO 4406 --- [utReader-stderr] o.s.boot.docker.compose.core.DockerCli   :  a3f5073def7e Downloading [=================================>                 ]   75.5MB/114.2MB
2025-09-05T15:45:45.221Z  INFO 4406 --- [utReader-stderr] o.s.boot.docker.compose.core.DockerCli   :  34d3b664ecd0 Pull complete 
2025-09-05T15:45:45.222Z  INFO 4406 --- [utReader-stderr] o.s.boot.docker.compose.core.DockerCli   :  837415f4eac4 Extracting [=>                                                 ]  32.77kB/1.311MB
2025-09-05T15:45:45.281Z  INFO 4406 --- [utReader-stderr] o.s.boot.docker.compose.core.DockerCli   :  837415f4eac4 Extracting [==================================================>]  1.311MB/1.311MB
2025-09-05T15:45:45.298Z  INFO 4406 --- [utReader-stderr] o.s.boot.docker.compose.core.DockerCli   :  a3f5073def7e Downloading [==================================>                ]  78.21MB/114.2MB
2025-09-05T15:45:45.312Z  INFO 4406 --- [utReader-stderr] o.s.boot.docker.compose.core.DockerCli   :  837415f4eac4 Pull complete 
2025-09-05T15:45:45.313Z  INFO 4406 --- [utReader-stderr] o.s.boot.docker.compose.core.DockerCli   :  9c7bb009f799 Extracting [==================================================>]     116B/116B
2025-09-05T15:45:45.315Z  INFO 4406 --- [utReader-stderr] o.s.boot.docker.compose.core.DockerCli   :  9c7bb009f799 Extracting [==================================================>]     116B/116B
2025-09-05T15:45:45.333Z  INFO 4406 --- [utReader-stderr] o.s.boot.docker.compose.core.DockerCli   :  9c7bb009f799 Pull complete 
2025-09-05T15:45:45.334Z  INFO 4406 --- [utReader-stderr] o.s.boot.docker.compose.core.DockerCli   :  5df8dd3bf5ba Extracting [==================================================>]  3.139kB/3.139kB
2025-09-05T15:45:45.336Z  INFO 4406 --- [utReader-stderr] o.s.boot.docker.compose.core.DockerCli   :  5df8dd3bf5ba Extracting [==================================================>]  3.139kB/3.139kB
2025-09-05T15:45:45.356Z  INFO 4406 --- [utReader-stderr] o.s.boot.docker.compose.core.DockerCli   :  5df8dd3bf5ba Pull complete 
2025-09-05T15:45:45.398Z  INFO 4406 --- [utReader-stderr] o.s.boot.docker.compose.core.DockerCli   :  a3f5073def7e Downloading [===================================>               ]  80.35MB/114.2MB
2025-09-05T15:45:45.516Z  INFO 4406 --- [utReader-stderr] o.s.boot.docker.compose.core.DockerCli   :  a3f5073def7e Downloading [====================================>              ]  84.12MB/114.2MB
2025-09-05T15:45:45.665Z  INFO 4406 --- [utReader-stderr] o.s.boot.docker.compose.core.DockerCli   :  a3f5073def7e Downloading [======================================>            ]  88.42MB/114.2MB
2025-09-05T15:45:45.793Z  INFO 4406 --- [utReader-stderr] o.s.boot.docker.compose.core.DockerCli   :  a3f5073def7e Downloading [=========================================>         ]  94.34MB/114.2MB
2025-09-05T15:45:45.904Z  INFO 4406 --- [utReader-stderr] o.s.boot.docker.compose.core.DockerCli   :  a3f5073def7e Downloading [===========================================>       ]  99.69MB/114.2MB
2025-09-05T15:45:46.024Z  INFO 4406 --- [utReader-stderr] o.s.boot.docker.compose.core.DockerCli   :  a3f5073def7e Downloading [=============================================>     ]  104.5MB/114.2MB
2025-09-05T15:45:46.174Z  INFO 4406 --- [utReader-stderr] o.s.boot.docker.compose.core.DockerCli   :  a3f5073def7e Downloading [==============================================>    ]  106.6MB/114.2MB
2025-09-05T15:45:46.284Z  INFO 4406 --- [utReader-stderr] o.s.boot.docker.compose.core.DockerCli   :  a3f5073def7e Downloading [===============================================>   ]  108.3MB/114.2MB
2025-09-05T15:45:46.407Z  INFO 4406 --- [utReader-stderr] o.s.boot.docker.compose.core.DockerCli   :  a3f5073def7e Downloading [================================================>  ]  110.9MB/114.2MB
2025-09-05T15:45:46.535Z  INFO 4406 --- [utReader-stderr] o.s.boot.docker.compose.core.DockerCli   :  a3f5073def7e Downloading [=================================================> ]  114.2MB/114.2MB
2025-09-05T15:45:46.535Z  INFO 4406 --- [utReader-stderr] o.s.boot.docker.compose.core.DockerCli   :  a3f5073def7e Verifying Checksum 
2025-09-05T15:45:46.535Z  INFO 4406 --- [utReader-stderr] o.s.boot.docker.compose.core.DockerCli   :  a3f5073def7e Download complete 
2025-09-05T15:45:46.608Z  INFO 4406 --- [utReader-stderr] o.s.boot.docker.compose.core.DockerCli   :  a3f5073def7e Extracting [>                                                  ]  557.1kB/114.2MB
2025-09-05T15:45:46.713Z  INFO 4406 --- [utReader-stderr] o.s.boot.docker.compose.core.DockerCli   :  a3f5073def7e Extracting [==>                                                ]  5.571MB/114.2MB
2025-09-05T15:45:46.838Z  INFO 4406 --- [utReader-stderr] o.s.boot.docker.compose.core.DockerCli   :  a3f5073def7e Extracting [====>                                              ]   9.47MB/114.2MB
2025-09-05T15:45:46.955Z  INFO 4406 --- [utReader-stderr] o.s.boot.docker.compose.core.DockerCli   :  a3f5073def7e Extracting [=====>                                             ]  12.81MB/114.2MB
2025-09-05T15:45:47.072Z  INFO 4406 --- [utReader-stderr] o.s.boot.docker.compose.core.DockerCli   :  a3f5073def7e Extracting [=======>                                           ]  16.71MB/114.2MB
2025-09-05T15:45:47.185Z  INFO 4406 --- [utReader-stderr] o.s.boot.docker.compose.core.DockerCli   :  a3f5073def7e Extracting [=========>                                         ]  21.17MB/114.2MB
2025-09-05T15:45:47.292Z  INFO 4406 --- [utReader-stderr] o.s.boot.docker.compose.core.DockerCli   :  a3f5073def7e Extracting [==========>                                        ]  24.51MB/114.2MB
2025-09-05T15:45:47.399Z  INFO 4406 --- [utReader-stderr] o.s.boot.docker.compose.core.DockerCli   :  a3f5073def7e Extracting [============>                                      ]  29.52MB/114.2MB
2025-09-05T15:45:47.507Z  INFO 4406 --- [utReader-stderr] o.s.boot.docker.compose.core.DockerCli   :  a3f5073def7e Extracting [===============>                                   ]  35.65MB/114.2MB
2025-09-05T15:45:47.613Z  INFO 4406 --- [utReader-stderr] o.s.boot.docker.compose.core.DockerCli   :  a3f5073def7e Extracting [==================>                                ]  41.78MB/114.2MB
2025-09-05T15:45:47.717Z  INFO 4406 --- [utReader-stderr] o.s.boot.docker.compose.core.DockerCli   :  a3f5073def7e Extracting [====================>                              ]  47.91MB/114.2MB
2025-09-05T15:45:47.829Z  INFO 4406 --- [utReader-stderr] o.s.boot.docker.compose.core.DockerCli   :  a3f5073def7e Extracting [=======================>                           ]  54.03MB/114.2MB
2025-09-05T15:45:47.946Z  INFO 4406 --- [utReader-stderr] o.s.boot.docker.compose.core.DockerCli   :  a3f5073def7e Extracting [=========================>                         ]  57.38MB/114.2MB
2025-09-05T15:45:48.047Z  INFO 4406 --- [utReader-stderr] o.s.boot.docker.compose.core.DockerCli   :  a3f5073def7e Extracting [==========================>                        ]  61.28MB/114.2MB
2025-09-05T15:45:48.159Z  INFO 4406 --- [utReader-stderr] o.s.boot.docker.compose.core.DockerCli   :  a3f5073def7e Extracting [=============================>                     ]   67.4MB/114.2MB
2025-09-05T15:45:48.262Z  INFO 4406 --- [utReader-stderr] o.s.boot.docker.compose.core.DockerCli   :  a3f5073def7e Extracting [================================>                  ]  73.53MB/114.2MB
2025-09-05T15:45:48.370Z  INFO 4406 --- [utReader-stderr] o.s.boot.docker.compose.core.DockerCli   :  a3f5073def7e Extracting [==================================>                ]   79.1MB/114.2MB
2025-09-05T15:45:48.478Z  INFO 4406 --- [utReader-stderr] o.s.boot.docker.compose.core.DockerCli   :  a3f5073def7e Extracting [=====================================>             ]  85.23MB/114.2MB
2025-09-05T15:45:48.580Z  INFO 4406 --- [utReader-stderr] o.s.boot.docker.compose.core.DockerCli   :  a3f5073def7e Extracting [========================================>          ]  91.36MB/114.2MB
2025-09-05T15:45:48.705Z  INFO 4406 --- [utReader-stderr] o.s.boot.docker.compose.core.DockerCli   :  a3f5073def7e Extracting [==========================================>        ]  96.37MB/114.2MB
2025-09-05T15:45:48.806Z  INFO 4406 --- [utReader-stderr] o.s.boot.docker.compose.core.DockerCli   :  a3f5073def7e Extracting [===========================================>       ]   98.6MB/114.2MB
2025-09-05T15:45:48.956Z  INFO 4406 --- [utReader-stderr] o.s.boot.docker.compose.core.DockerCli   :  a3f5073def7e Extracting [============================================>      ]  101.4MB/114.2MB
2025-09-05T15:45:49.066Z  INFO 4406 --- [utReader-stderr] o.s.boot.docker.compose.core.DockerCli   :  a3f5073def7e Extracting [=============================================>     ]  104.7MB/114.2MB
2025-09-05T15:45:49.202Z  INFO 4406 --- [utReader-stderr] o.s.boot.docker.compose.core.DockerCli   :  a3f5073def7e Extracting [===============================================>   ]  108.1MB/114.2MB
2025-09-05T15:45:49.375Z  INFO 4406 --- [utReader-stderr] o.s.boot.docker.compose.core.DockerCli   :  a3f5073def7e Extracting [================================================>  ]  110.3MB/114.2MB
2025-09-05T15:45:49.593Z  INFO 4406 --- [utReader-stderr] o.s.boot.docker.compose.core.DockerCli   :  a3f5073def7e Extracting [=================================================> ]  112.5MB/114.2MB
2025-09-05T15:45:49.735Z  INFO 4406 --- [utReader-stderr] o.s.boot.docker.compose.core.DockerCli   :  a3f5073def7e Extracting [=================================================> ]  113.6MB/114.2MB
2025-09-05T15:45:49.774Z  INFO 4406 --- [utReader-stderr] o.s.boot.docker.compose.core.DockerCli   :  a3f5073def7e Extracting [==================================================>]  114.2MB/114.2MB
2025-09-05T15:45:49.775Z  INFO 4406 --- [utReader-stderr] o.s.boot.docker.compose.core.DockerCli   :  a3f5073def7e Extracting [==================================================>]  114.2MB/114.2MB
2025-09-05T15:45:50.350Z  INFO 4406 --- [utReader-stderr] o.s.boot.docker.compose.core.DockerCli   :  a3f5073def7e Pull complete 
2025-09-05T15:45:50.351Z  INFO 4406 --- [utReader-stderr] o.s.boot.docker.compose.core.DockerCli   :  e55e06bab052 Extracting [==================================================>]  10.34kB/10.34kB
2025-09-05T15:45:50.352Z  INFO 4406 --- [utReader-stderr] o.s.boot.docker.compose.core.DockerCli   :  e55e06bab052 Extracting [==================================================>]  10.34kB/10.34kB
2025-09-05T15:45:50.367Z  INFO 4406 --- [utReader-stderr] o.s.boot.docker.compose.core.DockerCli   :  e55e06bab052 Pull complete 
2025-09-05T15:45:50.368Z  INFO 4406 --- [utReader-stderr] o.s.boot.docker.compose.core.DockerCli   :  b39abc7629b8 Extracting [==================================================>]     128B/128B
2025-09-05T15:45:50.368Z  INFO 4406 --- [utReader-stderr] o.s.boot.docker.compose.core.DockerCli   :  b39abc7629b8 Extracting [==================================================>]     128B/128B
2025-09-05T15:45:50.377Z  INFO 4406 --- [utReader-stderr] o.s.boot.docker.compose.core.DockerCli   :  b39abc7629b8 Pull complete 
2025-09-05T15:45:50.378Z  INFO 4406 --- [utReader-stderr] o.s.boot.docker.compose.core.DockerCli   :  09565ee06ad1 Extracting [==================================================>]     167B/167B
2025-09-05T15:45:50.378Z  INFO 4406 --- [utReader-stderr] o.s.boot.docker.compose.core.DockerCli   :  09565ee06ad1 Extracting [==================================================>]     167B/167B
2025-09-05T15:45:50.386Z  INFO 4406 --- [utReader-stderr] o.s.boot.docker.compose.core.DockerCli   :  09565ee06ad1 Pull complete 
2025-09-05T15:45:50.387Z  INFO 4406 --- [utReader-stderr] o.s.boot.docker.compose.core.DockerCli   :  dfb76d5a073e Extracting [==================================================>]  5.925kB/5.925kB
2025-09-05T15:45:50.387Z  INFO 4406 --- [utReader-stderr] o.s.boot.docker.compose.core.DockerCli   :  dfb76d5a073e Extracting [==================================================>]  5.925kB/5.925kB
2025-09-05T15:45:50.397Z  INFO 4406 --- [utReader-stderr] o.s.boot.docker.compose.core.DockerCli   :  dfb76d5a073e Pull complete 
2025-09-05T15:45:50.397Z  INFO 4406 --- [utReader-stderr] o.s.boot.docker.compose.core.DockerCli   :  b32c22ae91d9 Extracting [==================================================>]     186B/186B
2025-09-05T15:45:50.398Z  INFO 4406 --- [utReader-stderr] o.s.boot.docker.compose.core.DockerCli   :  b32c22ae91d9 Extracting [==================================================>]     186B/186B
2025-09-05T15:45:50.405Z  INFO 4406 --- [utReader-stderr] o.s.boot.docker.compose.core.DockerCli   :  b32c22ae91d9 Pull complete 
2025-09-05T15:45:50.412Z  INFO 4406 --- [utReader-stderr] o.s.boot.docker.compose.core.DockerCli   :  postgres Pulled 
2025-09-05T15:45:50.414Z  INFO 4406 --- [utReader-stderr] o.s.boot.docker.compose.core.DockerCli   :  Network spring-petclinic_default  Creating
2025-09-05T15:45:50.448Z  INFO 4406 --- [utReader-stderr] o.s.boot.docker.compose.core.DockerCli   :  Network spring-petclinic_default  Created
2025-09-05T15:45:50.449Z  INFO 4406 --- [utReader-stderr] o.s.boot.docker.compose.core.DockerCli   :  Container spring-petclinic-postgres-1  Creating
2025-09-05T15:45:50.468Z  INFO 4406 --- [utReader-stderr] o.s.boot.docker.compose.core.DockerCli   :  Container spring-petclinic-postgres-1  Created
2025-09-05T15:45:50.469Z  INFO 4406 --- [utReader-stderr] o.s.boot.docker.compose.core.DockerCli   :  Container spring-petclinic-postgres-1  Starting
2025-09-05T15:45:50.621Z  INFO 4406 --- [utReader-stderr] o.s.boot.docker.compose.core.DockerCli   :  Container spring-petclinic-postgres-1  Started
2025-09-05T15:45:50.621Z  INFO 4406 --- [utReader-stderr] o.s.boot.docker.compose.core.DockerCli   :  Container spring-petclinic-postgres-1  Waiting
2025-09-05T15:45:51.123Z  INFO 4406 --- [utReader-stderr] o.s.boot.docker.compose.core.DockerCli   :  Container spring-petclinic-postgres-1  Healthy
2025-09-05T15:45:52.674Z  INFO 4406 --- [           main] .s.d.r.c.RepositoryConfigurationDelegate : Bootstrapping Spring Data JPA repositories in DEFAULT mode.
2025-09-05T15:45:52.683Z  INFO 4406 --- [           main] .s.d.r.c.RepositoryConfigurationDelegate : Finished Spring Data repository scanning in 7 ms. Found 3 JPA repository interfaces.
2025-09-05T15:45:52.761Z  INFO 4406 --- [           main] o.s.b.w.embedded.tomcat.TomcatWebServer  : Tomcat initialized with port 0 (http)
2025-09-05T15:45:52.762Z  INFO 4406 --- [           main] o.apache.catalina.core.StandardService   : Starting service [Tomcat]
2025-09-05T15:45:52.762Z  INFO 4406 --- [           main] o.apache.catalina.core.StandardEngine    : Starting Servlet engine: [Apache Tomcat/10.1.41]
2025-09-05T15:45:52.776Z  INFO 4406 --- [           main] o.a.c.c.C.[Tomcat-3].[localhost].[/]     : Initializing Spring embedded WebApplicationContext
2025-09-05T15:45:52.776Z  INFO 4406 --- [           main] w.s.c.ServletWebServerApplicationContext : Root WebApplicationContext: initialization completed in 308 ms
2025-09-05T15:45:52.835Z  INFO 4406 --- [           main] com.zaxxer.hikari.HikariDataSource       : HikariPool-4 - Starting...
2025-09-05T15:45:53.106Z  INFO 4406 --- [           main] com.zaxxer.hikari.pool.HikariPool        : HikariPool-4 - Added connection org.postgresql.jdbc.PgConnection@7cb0ae5a
2025-09-05T15:45:53.107Z  INFO 4406 --- [           main] com.zaxxer.hikari.HikariDataSource       : HikariPool-4 - Start completed.
2025-09-05T15:45:53.228Z  INFO 4406 --- [           main] o.hibernate.jpa.internal.util.LogHelper  : HHH000204: Processing PersistenceUnitInfo [name: default]
2025-09-05T15:45:53.231Z  INFO 4406 --- [           main] o.h.c.internal.RegionFactoryInitiator    : HHH000026: Second-level cache disabled
2025-09-05T15:45:53.250Z  INFO 4406 --- [           main] o.s.o.j.p.SpringPersistenceUnitInfo      : No LoadTimeWeaver setup: ignoring JPA class transformer
2025-09-05T15:45:53.282Z  INFO 4406 --- [           main] org.hibernate.orm.connections.pooling    : HHH10001005: Database info:
	Database JDBC URL [Connecting through datasource 'HikariDataSource (HikariPool-4)']
	Database driver: undefined/unknown
	Database version: 17.5
	Autocommit mode: undefined/unknown
	Isolation level: undefined/unknown
	Minimum pool size: undefined/unknown
	Maximum pool size: undefined/unknown
2025-09-05T15:45:53.403Z  INFO 4406 --- [           main] o.h.e.t.j.p.i.JtaPlatformInitiator       : HHH000489: No JTA platform available (set 'hibernate.transaction.jta.platform' to enable JTA platform integration)
2025-09-05T15:45:53.404Z  INFO 4406 --- [           main] j.LocalContainerEntityManagerFactoryBean : Initialized JPA EntityManagerFactory for persistence unit 'default'
2025-09-05T15:45:53.652Z  INFO 4406 --- [           main] o.s.b.a.e.web.EndpointLinksResolver      : Exposing 13 endpoints beneath base path '/actuator'
2025-09-05T15:45:53.684Z  INFO 4406 --- [           main] o.s.b.w.embedded.tomcat.TomcatWebServer  : Tomcat started on port 32775 (http) with context path '/'
2025-09-05T15:45:53.690Z  INFO 4406 --- [           main] o.s.s.p.PostgresIntegrationTests         : Started PostgresIntegrationTests in 13.315 seconds (process running for 67.444)
]]></system-out>
  </testcase>
  <testcase name="testOwnerDetails" classname="org.springframework.samples.petclinic.PostgresIntegrationTests" time="0.089">
    <system-out><![CDATA[2025-09-05T15:45:53.743Z  INFO 4406 --- [o-auto-4-exec-2] o.a.c.c.C.[Tomcat-3].[localhost].[/]     : Initializing Spring DispatcherServlet 'dispatcherServlet'
2025-09-05T15:45:53.743Z  INFO 4406 --- [o-auto-4-exec-2] o.s.web.servlet.DispatcherServlet        : Initializing Servlet 'dispatcherServlet'
2025-09-05T15:45:53.743Z  INFO 4406 --- [o-auto-4-exec-2] o.s.web.servlet.DispatcherServlet        : Completed initialization in 0 ms
]]></system-out>
  </testcase>
</testsuite>